[TIMER MOUSE] Pos=(303,98), OK_rect=(122, 232, 50, 20), Cancel_rect=(212, 232, 50, 20)
[TIMER MOUSE] Pos=(303,98), OK_rect=(122, 232, 50, 20), Cancel_rect=(212, 232, 50, 20)
[TIMER MOUSE] Pos=(303,98), OK_rect=(122, 232, 50, 20), Cancel_rect=(212, 232, 50, 20)
[TIMER MOUSE] Pos=(303,98), OK_rect=(122, 232, 50, 20), Cancel_rect=(212, 232, 50, 20)
[TIMER MOUSE] Pos=(303,98), OK_rect=(122, 232, 50, 20), Cancel_rect=(212, 232, 50, 20)
[TIMER MOUSE] Pos=(303,98), OK_rect=(122, 232, 50, 20), Cancel_rect=(212, 232, 50, 20)
[TIMER MOUSE] Pos=(303,98), OK_rect=(122, 232, 50, 20), Cancel_rect=(212, 232, 50, 20)
[TIMER MOUSE] Pos=(303,98), OK_rect=(122, 232, 50, 20), Cancel_rect=(212, 232, 50, 20)
[TIMER MOUSE] Pos=(303,98), OK_rect=(122, 232, 50, 20), Cancel_rect=(212, 232, 50, 20)
[TIMER MOUSE] Pos=(300,101), OK_rect=(122, 232, 50, 20), Cancel_rect=(212, 232, 50, 20)
[TIMER MOUSE] Pos=(290,110), OK_rect=(122, 232, 50, 20), Cancel_rect=(212, 232, 50, 20)
[TIMER MOUSE] Pos=(269,126), OK_rect=(122, 232, 50, 20), Cancel_rect=(212, 232, 50, 20)
[TIMER MOUSE] Pos=(233,149), OK_rect=(122, 232, 50, 20), Cancel_rect=(212, 232, 50, 20)
[TIMER MOUSE] Pos=(177,178), OK_rect=(122, 232, 50, 20), Cancel_rect=(212, 232, 50, 20)
[TIMER MOUSE] Pos=(146,193), OK_rect=(122, 232, 50, 20), Cancel_rect=(212, 232, 50, 20)
[TIMER MOUSE] Pos=(140,200), OK_rect=(122, 232, 50, 20), Cancel_rect=(212, 232, 50, 20)
[TIMER MOUSE] Pos=(142,211), OK_rect=(122, 232, 50, 20), Cancel_rect=(212, 232, 50, 20)
[TIMER MOUSE] Pos=(141,229), OK_rect=(122, 232, 50, 20), Cancel_rect=(212, 232, 50, 20)
[TIMER MOUSE] Pos=(140,235), OK_rect=(122, 232, 50, 20), Cancel_rect=(212, 232, 50, 20)
[TIMER MOUSE] Pos=(141,235), OK_rect=(122, 232, 50, 20), Cancel_rect=(212, 232, 50, 20)
[TIMER MOUSE] Pos=(141,235), OK_rect=(122, 232, 50, 20), Cancel_rect=(212, 232, 50, 20)
[TIMER MOUSE] Pos=(141,235), OK_rect=(122, 232, 50, 20), Cancel_rect=(212, 232, 50, 20)
[TIMER MOUSE] Pos=(143,235), OK_rect=(122, 232, 50, 20), Cancel_rect=(212, 232, 50, 20)
[TIMER MOUSE] Pos=(144,233), OK_rect=(122, 232, 50, 20), Cancel_rect=(212, 232, 50, 20)
[TIMER MOUSE] Pos=(144,232), OK_rect=(122, 232, 50, 20), Cancel_rect=(212, 232, 50, 20)
[TIMER MOUSE] Pos=(145,231), OK_rect=(122, 232, 50, 20), Cancel_rect=(212, 232, 50, 20)
[TIMER MOUSE] Pos=(145,231), OK_rect=(122, 232, 50, 20), Cancel_rect=(212, 232, 50, 20)
[TIMER MOUSE] Pos=(146,233), OK_rect=(122, 232, 50, 20), Cancel_rect=(212, 232, 50, 20)
[TIMER MOUSE] Pos=(146,234), OK_rect=(122, 232, 50, 20), Cancel_rect=(212, 232, 50, 20)
[TIMER MOUSE] Pos=(146,234), OK_rect=(122, 232, 50, 20), Cancel_rect=(212, 232, 50, 20)
[TIMER MOUSE] Pos=(146,234), OK_rect=(122, 232, 50, 20), Cancel_rect=(212, 232, 50, 20)
[TIMER MOUSE] Pos=(146,235), OK_rect=(122, 232, 50, 20), Cancel_rect=(212, 232, 50, 20)
[TIMER MOUSE] Pos=(144,237), OK_rect=(122, 232, 50, 20), Cancel_rect=(212, 232, 50, 20)
[TIMER MOUSE] Pos=(140,238), OK_rect=(122, 232, 50, 20), Cancel_rect=(212, 232, 50, 20)
[TIMER MOUSE] Pos=(140,239), OK_rect=(122, 232, 50, 20), Cancel_rect=(212, 232, 50, 20)
[TIMER MOUSE] Pos=(140,240), OK_rect=(122, 232, 50, 20), Cancel_rect=(212, 232, 50, 20)
[TIMER MOUSE] Pos=(144,241), OK_rect=(122, 232, 50, 20), Cancel_rect=(212, 232, 50, 20)
[TIMER MOUSE] Pos=(150,241), OK_rect=(122, 232, 50, 20), Cancel_rect=(212, 232, 50, 20)
[TIMER MOUSE] Pos=(160,241), OK_rect=(122, 232, 50, 20), Cancel_rect=(212, 232, 50, 20)
[TIMER MOUSE] Pos=(168,241), OK_rect=(122, 232, 50, 20), Cancel_rect=(212, 232, 50, 20)
[TIMER MOUSE] Pos=(168,241), OK_rect=(122, 232, 50, 20), Cancel_rect=(212, 232, 50, 20)
[TIMER MOUSE] Pos=(168,241), OK_rect=(122, 232, 50, 20), Cancel_rect=(212, 232, 50, 20)
[TIMER MOUSE] Pos=(166,241), OK_rect=(122, 232, 50, 20), Cancel_rect=(212, 232, 50, 20)
[TIMER MOUSE] Pos=(151,241), OK_rect=(122, 232, 50, 20), Cancel_rect=(212, 232, 50, 20)
[TIMER MOUSE] Pos=(137,241), OK_rect=(122, 232, 50, 20), Cancel_rect=(212, 232, 50, 20)
[TIMER MOUSE] Pos=(134,242), OK_rect=(122, 232, 50, 20), Cancel_rect=(212, 232, 50, 20)
[TIMER MOUSE] Pos=(132,243), OK_rect=(122, 232, 50, 20), Cancel_rect=(212, 232, 50, 20)
[TIMER MOUSE] Pos=(130,244), OK_rect=(122, 232, 50, 20), Cancel_rect=(212, 232, 50, 20)
[TIMER MOUSE] Pos=(130,244), OK_rect=(122, 232, 50, 20), Cancel_rect=(212, 232, 50, 20)
[TIMER MOUSE] Pos=(138,244), OK_rect=(122, 232, 50, 20), Cancel_rect=(212, 232, 50, 20)
[TIMER MOUSE] Pos=(160,244), OK_rect=(122, 232, 50, 20), Cancel_rect=(212, 232, 50, 20)
[TIMER MOUSE] Pos=(172,244), OK_rect=(122, 232, 50, 20), Cancel_rect=(212, 232, 50, 20)
[TIMER MOUSE] Pos=(181,246), OK_rect=(122, 232, 50, 20), Cancel_rect=(212, 232, 50, 20)
[TIMER MOUSE] Pos=(187,247), OK_rect=(122, 232, 50, 20), Cancel_rect=(212, 232, 50, 20)
[TIMER MOUSE] Pos=(193,250), OK_rect=(122, 232, 50, 20), Cancel_rect=(212, 232, 50, 20)
[TIMER MOUSE] Pos=(201,251), OK_rect=(122, 232, 50, 20), Cancel_rect=(212, 232, 50, 20)
[TIMER MOUSE] Pos=(206,251), OK_rect=(122, 232, 50, 20), Cancel_rect=(212, 232, 50, 20)
[TIMER MOUSE] Pos=(214,251), OK_rect=(122, 232, 50, 20), Cancel_rect=(212, 232, 50, 20)
[TIMER MOUSE] Pos=(221,251), OK_rect=(122, 232, 50, 20), Cancel_rect=(212, 232, 50, 20)
[TIMER MOUSE] Pos=(226,251), OK_rect=(122, 232, 50, 20), Cancel_rect=(212, 232, 50, 20)
[TIMER MOUSE] Pos=(230,251), OK_rect=(122, 232, 50, 20), Cancel_rect=(212, 232, 50, 20)
[TIMER MOUSE] Pos=(236,251), OK_rect=(122, 232, 50, 20), Cancel_rect=(212, 232, 50, 20)
[TIMER MOUSE] Pos=(249,250), OK_rect=(122, 232, 50, 20), Cancel_rect=(212, 232, 50, 20)
[TIMER MOUSE] Pos=(260,250), OK_rect=(122, 232, 50, 20), Cancel_rect=(212, 232, 50, 20)
[TIMER MOUSE] Pos=(263,250), OK_rect=(122, 232, 50, 20), Cancel_rect=(212, 232, 50, 20)
[TIMER MOUSE] Pos=(264,249), OK_rect=(122, 232, 50, 20), Cancel_rect=(212, 232, 50, 20)
[TIMER MOUSE] Pos=(265,248), OK_rect=(122, 232, 50, 20), Cancel_rect=(212, 232, 50, 20)
[TIMER MOUSE] Pos=(266,247), OK_rect=(122, 232, 50, 20), Cancel_rect=(212, 232, 50, 20)
[TIMER MOUSE] Pos=(266,246), OK_rect=(122, 232, 50, 20), Cancel_rect=(212, 232, 50, 20)
[TIMER MOUSE] Pos=(266,246), OK_rect=(122, 232, 50, 20), Cancel_rect=(212, 232, 50, 20)
[TIMER MOUSE] Pos=(260,245), OK_rect=(122, 232, 50, 20), Cancel_rect=(212, 232, 50, 20)
[TIMER MOUSE] Pos=(252,245), OK_rect=(122, 232, 50, 20), Cancel_rect=(212, 232, 50, 20)
[TIMER MOUSE] Pos=(242,245), OK_rect=(122, 232, 50, 20), Cancel_rect=(212, 232, 50, 20)
[TIMER MOUSE] Pos=(229,245), OK_rect=(122, 232, 50, 20), Cancel_rect=(212, 232, 50, 20)
[TIMER MOUSE] Pos=(220,245), OK_rect=(122, 232, 50, 20), Cancel_rect=(212, 232, 50, 20)
[TIMER MOUSE] Pos=(213,246), OK_rect=(122, 232, 50, 20), Cancel_rect=(212, 232, 50, 20)
[TIMER MOUSE] Pos=(208,247), OK_rect=(122, 232, 50, 20), Cancel_rect=(212, 232, 50, 20)
[TIMER MOUSE] Pos=(207,248), OK_rect=(122, 232, 50, 20), Cancel_rect=(212, 232, 50, 20)
[TIMER MOUSE] Pos=(206,248), OK_rect=(122, 232, 50, 20), Cancel_rect=(212, 232, 50, 20)
[TIMER MOUSE] Pos=(206,248), OK_rect=(122, 232, 50, 20), Cancel_rect=(212, 232, 50, 20)
[TIMER MOUSE] Pos=(207,246), OK_rect=(122, 232, 50, 20), Cancel_rect=(212, 232, 50, 20)
[TIMER MOUSE] Pos=(224,242), OK_rect=(122, 232, 50, 20), Cancel_rect=(212, 232, 50, 20)
[TIMER MOUSE] Pos=(237,240), OK_rect=(122, 232, 50, 20), Cancel_rect=(212, 232, 50, 20)
[TIMER MOUSE] Pos=(243,239), OK_rect=(122, 232, 50, 20), Cancel_rect=(212, 232, 50, 20)
[TIMER MOUSE] Pos=(243,239), OK_rect=(122, 232, 50, 20), Cancel_rect=(212, 232, 50, 20)
[TIMER MOUSE] Pos=(243,239), OK_rect=(122, 232, 50, 20), Cancel_rect=(212, 232, 50, 20)
[TIMER MOUSE] Pos=(241,239), OK_rect=(122, 232, 50, 20), Cancel_rect=(212, 232, 50, 20)
[TIMER MOUSE] Pos=(237,239), OK_rect=(122, 232, 50, 20), Cancel_rect=(212, 232, 50, 20)
[TIMER MOUSE] Pos=(234,239), OK_rect=(122, 232, 50, 20), Cancel_rect=(212, 232, 50, 20)
[TIMER MOUSE] Pos=(230,239), OK_rect=(122, 232, 50, 20), Cancel_rect=(212, 232, 50, 20)
[TIMER MOUSE] Pos=(220,239), OK_rect=(122, 232, 50, 20), Cancel_rect=(212, 232, 50, 20)
[TIMER MOUSE] Pos=(206,240), OK_rect=(122, 232, 50, 20), Cancel_rect=(212, 232, 50, 20)
[TIMER MOUSE] Pos=(191,240), OK_rect=(122, 232, 50, 20), Cancel_rect=(212, 232, 50, 20)
[TIMER MOUSE] Pos=(180,241), OK_rect=(122, 232, 50, 20), Cancel_rect=(212, 232, 50, 20)
[TIMER MOUSE] Pos=(174,242), OK_rect=(122, 232, 50, 20), Cancel_rect=(212, 232, 50, 20)
[TIMER MOUSE] Pos=(166,243), OK_rect=(122, 232, 50, 20), Cancel_rect=(212, 232, 50, 20)
[TIMER MOUSE] Pos=(161,244), OK_rect=(122, 232, 50, 20), Cancel_rect=(212, 232, 50, 20)
[TIMER MOUSE] Pos=(160,244), OK_rect=(122, 232, 50, 20), Cancel_rect=(212, 232, 50, 20)
[TIMER MOUSE] Pos=(158,244), OK_rect=(122, 232, 50, 20), Cancel_rect=(212, 232, 50, 20)
[TIMER MOUSE] Pos=(156,245), OK_rect=(122, 232, 50, 20), Cancel_rect=(212, 232, 50, 20)
[TIMER MOUSE] Pos=(153,245), OK_rect=(122, 232, 50, 20), Cancel_rect=(212, 232, 50, 20)
[TIMER MOUSE] Pos=(150,245), OK_rect=(122, 232, 50, 20), Cancel_rect=(212, 232, 50, 20)
[TIMER MOUSE] Pos=(147,244), OK_rect=(122, 232, 50, 20), Cancel_rect=(212, 232, 50, 20)
[TIMER MOUSE] Pos=(145,243), OK_rect=(122, 232, 50, 20), Cancel_rect=(212, 232, 50, 20)
[TIMER MOUSE] Pos=(144,243), OK_rect=(122, 232, 50, 20), Cancel_rect=(212, 232, 50, 20)
[TIMER MOUSE] Pos=(144,243), OK_rect=(122, 232, 50, 20), Cancel_rect=(212, 232, 50, 20)
[TIMER MOUSE] Pos=(144,243), OK_rect=(122, 232, 50, 20), Cancel_rect=(212, 232, 50, 20)
[TIMER MOUSE] Pos=(144,243), OK_rect=(122, 232, 50, 20), Cancel_rect=(212, 232, 50, 20)
[TIMER MOUSE] Pos=(144,243), OK_rect=(122, 232, 50, 20), Cancel_rect=(212, 232, 50, 20)
[TIMER MOUSE] Pos=(144,243), OK_rect=(122, 232, 50, 20), Cancel_rect=(212, 232, 50, 20)
[TIMER MOUSE] Pos=(144,243), OK_rect=(122, 232, 50, 20), Cancel_rect=(212, 232, 50, 20)
[TIMER MOUSE] Pos=(141,242), OK_rect=(122, 232, 50, 20), Cancel_rect=(212, 232, 50, 20)
[TIMER MOUSE] Pos=(133,237), OK_rect=(122, 232, 50, 20), Cancel_rect=(212, 232, 50, 20)
[TIMER MOUSE] Pos=(126,232), OK_rect=(122, 232, 50, 20), Cancel_rect=(212, 232, 50, 20)
[TIMER MOUSE] Pos=(121,229), OK_rect=(122, 232, 50, 20), Cancel_rect=(212, 232, 50, 20)
[TIMER MOUSE] Pos=(121,229), OK_rect=(122, 232, 50, 20), Cancel_rect=(212, 232, 50, 20)
[TIMER MOUSE] Pos=(121,229), OK_rect=(122, 232, 50, 20), Cancel_rect=(212, 232, 50, 20)
[TIMER MOUSE] Pos=(121,229), OK_rect=(122, 232, 50, 20), Cancel_rect=(212, 232, 50, 20)
[TIMER MOUSE] Pos=(121,229), OK_rect=(122, 232, 50, 20), Cancel_rect=(212, 232, 50, 20)
[TIMER MOUSE] Pos=(119,229), OK_rect=(122, 232, 50, 20), Cancel_rect=(212, 232, 50, 20)
[TIMER MOUSE] Pos=(118,229), OK_rect=(122, 232, 50, 20), Cancel_rect=(212, 232, 50, 20)
[TIMER MOUSE] Pos=(118,232), OK_rect=(122, 232, 50, 20), Cancel_rect=(212, 232, 50, 20)
[TIMER MOUSE] Pos=(124,237), OK_rect=(122, 232, 50, 20), Cancel_rect=(212, 232, 50, 20)
[TIMER MOUSE] Pos=(132,238), OK_rect=(122, 232, 50, 20), Cancel_rect=(212, 232, 50, 20)
[TIMER MOUSE] Pos=(136,239), OK_rect=(122, 232, 50, 20), Cancel_rect=(212, 232, 50, 20)
[TIMER MOUSE] Pos=(138,240), OK_rect=(122, 232, 50, 20), Cancel_rect=(212, 232, 50, 20)
[TIMER MOUSE] Pos=(141,240), OK_rect=(122, 232, 50, 20), Cancel_rect=(212, 232, 50, 20)
[TIMER MOUSE] Pos=(143,240), OK_rect=(122, 232, 50, 20), Cancel_rect=(212, 232, 50, 20)
[TIMER MOUSE] Pos=(145,241), OK_rect=(122, 232, 50, 20), Cancel_rect=(212, 232, 50, 20)
[TIMER MOUSE] Pos=(145,241), OK_rect=(122, 232, 50, 20), Cancel_rect=(212, 232, 50, 20)
[TIMER MOUSE] Pos=(145,241), OK_rect=(122, 232, 50, 20), Cancel_rect=(212, 232, 50, 20)
[TIMER MOUSE] Pos=(145,241), OK_rect=(122, 232, 50, 20), Cancel_rect=(212, 232, 50, 20)
[TIMER MOUSE] Pos=(145,241), OK_rect=(122, 232, 50, 20), Cancel_rect=(212, 232, 50, 20)
[TIMER MOUSE] Pos=(301,92), OK_rect=(122, 232, 50, 20), Cancel_rect=(212, 232, 50, 20)
[TIMER MOUSE] Pos=(301,92), OK_rect=(122, 232, 50, 20), Cancel_rect=(212, 232, 50, 20)
[TIMER MOUSE] Pos=(301,92), OK_rect=(122, 232, 50, 20), Cancel_rect=(212, 232, 50, 20)
[TIMER MOUSE] Pos=(301,92), OK_rect=(122, 232, 50, 20), Cancel_rect=(212, 232, 50, 20)
[TIMER MOUSE] Pos=(301,92), OK_rect=(122, 232, 50, 20), Cancel_rect=(212, 232, 50, 20)
[TIMER MOUSE] Pos=(299,96), OK_rect=(122, 232, 50, 20), Cancel_rect=(212, 232, 50, 20)
[TIMER MOUSE] Pos=(287,108), OK_rect=(122, 232, 50, 20), Cancel_rect=(212, 232, 50, 20)
[TIMER MOUSE] Pos=(269,129), OK_rect=(122, 232, 50, 20), Cancel_rect=(212, 232, 50, 20)
[TIMER MOUSE] Pos=(249,151), OK_rect=(122, 232, 50, 20), Cancel_rect=(212, 232, 50, 20)
[TIMER MOUSE] Pos=(239,164), OK_rect=(122, 232, 50, 20), Cancel_rect=(212, 232, 50, 20)
[TIMER MOUSE] Pos=(233,179), OK_rect=(122, 232, 50, 20), Cancel_rect=(212, 232, 50, 20)
[TIMER MOUSE] Pos=(230,201), OK_rect=(122, 232, 50, 20), Cancel_rect=(212, 232, 50, 20)
[TIMER MOUSE] Pos=(230,218), OK_rect=(122, 232, 50, 20), Cancel_rect=(212, 232, 50, 20)
[TIMER MOUSE] Pos=(230,223), OK_rect=(122, 232, 50, 20), Cancel_rect=(212, 232, 50, 20)
[TIMER MOUSE] Pos=(231,225), OK_rect=(122, 232, 50, 20), Cancel_rect=(212, 232, 50, 20)
[TIMER MOUSE] Pos=(232,226), OK_rect=(122, 232, 50, 20), Cancel_rect=(212, 232, 50, 20)
[TIMER MOUSE] Pos=(235,225), OK_rect=(122, 232, 50, 20), Cancel_rect=(212, 232, 50, 20)
[TIMER MOUSE] Pos=(237,224), OK_rect=(122, 232, 50, 20), Cancel_rect=(212, 232, 50, 20)
[TIMER MOUSE] Pos=(238,223), OK_rect=(122, 232, 50, 20), Cancel_rect=(212, 232, 50, 20)
[TIMER MOUSE] Pos=(238,225), OK_rect=(122, 232, 50, 20), Cancel_rect=(212, 232, 50, 20)
[TIMER MOUSE] Pos=(238,231), OK_rect=(122, 232, 50, 20), Cancel_rect=(212, 232, 50, 20)
[TIMER MOUSE] Pos=(238,233), OK_rect=(122, 232, 50, 20), Cancel_rect=(212, 232, 50, 20)
[TIMER MOUSE] Pos=(238,235), OK_rect=(122, 232, 50, 20), Cancel_rect=(212, 232, 50, 20)
[TIMER MOUSE] Pos=(238,235), OK_rect=(122, 232, 50, 20), Cancel_rect=(212, 232, 50, 20)
[TIMER MOUSE] Pos=(238,235), OK_rect=(122, 232, 50, 20), Cancel_rect=(212, 232, 50, 20)
[TIMER MOUSE] Pos=(239,237), OK_rect=(122, 232, 50, 20), Cancel_rect=(212, 232, 50, 20)
[TIMER MOUSE] Pos=(239,238), OK_rect=(122, 232, 50, 20), Cancel_rect=(212, 232, 50, 20)
[TIMER MOUSE] Pos=(239,238), OK_rect=(122, 232, 50, 20), Cancel_rect=(212, 232, 50, 20)
[TIMER MOUSE] Pos=(239,239), OK_rect=(122, 232, 50, 20), Cancel_rect=(212, 232, 50, 20)
[TIMER MOUSE] Pos=(239,241), OK_rect=(122, 232, 50, 20), Cancel_rect=(212, 232, 50, 20)
[TIMER MOUSE] Pos=(239,241), OK_rect=(122, 232, 50, 20), Cancel_rect=(212, 232, 50, 20)
[TIMER MOUSE] Pos=(239,241), OK_rect=(122, 232, 50, 20), Cancel_rect=(212, 232, 50, 20)
[TIMER MOUSE] Pos=(239,242), OK_rect=(122, 232, 50, 20), Cancel_rect=(212, 232, 50, 20)
[TIMER MOUSE] Pos=(239,242), OK_rect=(122, 232, 50, 20), Cancel_rect=(212, 232, 50, 20)
[TIMER MOUSE] Pos=(306,96), OK_rect=(122, 232, 50, 20), Cancel_rect=(212, 232, 50, 20)
[TIMER MOUSE] Pos=(306,96), OK_rect=(122, 232, 50, 20), Cancel_rect=(212, 232, 50, 20)
[TIMER MOUSE] Pos=(306,96), OK_rect=(122, 232, 50, 20), Cancel_rect=(212, 232, 50, 20)
[TIMER MOUSE] Pos=(306,96), OK_rect=(122, 232, 50, 20), Cancel_rect=(212, 232, 50, 20)
[TIMER MOUSE] Pos=(306,96), OK_rect=(122, 232, 50, 20), Cancel_rect=(212, 232, 50, 20)
[TIMER MOUSE] Pos=(305,96), OK_rect=(122, 232, 50, 20), Cancel_rect=(212, 232, 50, 20)
[TIMER MOUSE] Pos=(304,98), OK_rect=(122, 232, 50, 20), Cancel_rect=(212, 232, 50, 20)
[TIMER MOUSE] Pos=(298,98), OK_rect=(122, 232, 50, 20), Cancel_rect=(212, 232, 50, 20)
[TIMER MOUSE] Pos=(281,104), OK_rect=(122, 232, 50, 20), Cancel_rect=(212, 232, 50, 20)
[TIMER MOUSE] Pos=(247,115), OK_rect=(122, 232, 50, 20), Cancel_rect=(212, 232, 50, 20)
[TIMER MOUSE] Pos=(199,136), OK_rect=(122, 232, 50, 20), Cancel_rect=(212, 232, 50, 20)
[TIMER MOUSE] Pos=(159,158), OK_rect=(122, 232, 50, 20), Cancel_rect=(212, 232, 50, 20)
[TIMER MOUSE] Pos=(137,172), OK_rect=(122, 232, 50, 20), Cancel_rect=(212, 232, 50, 20)
[TIMER MOUSE] Pos=(127,185), OK_rect=(122, 232, 50, 20), Cancel_rect=(212, 232, 50, 20)
[TIMER MOUSE] Pos=(125,202), OK_rect=(122, 232, 50, 20), Cancel_rect=(212, 232, 50, 20)
[TIMER MOUSE] Pos=(125,220), OK_rect=(122, 232, 50, 20), Cancel_rect=(212, 232, 50, 20)
[TIMER MOUSE] Pos=(125,232), OK_rect=(122, 232, 50, 20), Cancel_rect=(212, 232, 50, 20)
[TIMER MOUSE] Pos=(124,239), OK_rect=(122, 232, 50, 20), Cancel_rect=(212, 232, 50, 20)
[TIMER MOUSE] Pos=(124,242), OK_rect=(122, 232, 50, 20), Cancel_rect=(212, 232, 50, 20)
[TIMER MOUSE] Pos=(124,242), OK_rect=(122, 232, 50, 20), Cancel_rect=(212, 232, 50, 20)
[TIMER MOUSE] Pos=(124,239), OK_rect=(122, 232, 50, 20), Cancel_rect=(212, 232, 50, 20)
[TIMER MOUSE] Pos=(124,234), OK_rect=(122, 232, 50, 20), Cancel_rect=(212, 232, 50, 20)
[TIMER MOUSE] Pos=(124,229), OK_rect=(122, 232, 50, 20), Cancel_rect=(212, 232, 50, 20)
[TIMER MOUSE] Pos=(124,224), OK_rect=(122, 232, 50, 20), Cancel_rect=(212, 232, 50, 20)
[TIMER MOUSE] Pos=(124,217), OK_rect=(122, 232, 50, 20), Cancel_rect=(212, 232, 50, 20)
[TIMER MOUSE] Pos=(124,213), OK_rect=(122, 232, 50, 20), Cancel_rect=(212, 232, 50, 20)
[TIMER MOUSE] Pos=(124,207), OK_rect=(122, 232, 50, 20), Cancel_rect=(212, 232, 50, 20)
[TIMER MOUSE] Pos=(125,203), OK_rect=(122, 232, 50, 20), Cancel_rect=(212, 232, 50, 20)
[TIMER MOUSE] Pos=(125,201), OK_rect=(122, 232, 50, 20), Cancel_rect=(212, 232, 50, 20)
[TIMER MOUSE] Pos=(125,199), OK_rect=(122, 232, 50, 20), Cancel_rect=(212, 232, 50, 20)
[TIMER MOUSE] Pos=(125,198), OK_rect=(122, 232, 50, 20), Cancel_rect=(212, 232, 50, 20)
[TIMER MOUSE] Pos=(125,197), OK_rect=(122, 232, 50, 20), Cancel_rect=(212, 232, 50, 20)
[TIMER MOUSE] Pos=(125,197), OK_rect=(122, 232, 50, 20), Cancel_rect=(212, 232, 50, 20)
[TIMER MOUSE] Pos=(125,197), OK_rect=(122, 232, 50, 20), Cancel_rect=(212, 232, 50, 20)
[TIMER MOUSE] Pos=(126,196), OK_rect=(122, 232, 50, 20), Cancel_rect=(212, 232, 50, 20)
[TIMER MOUSE] Pos=(126,196), OK_rect=(122, 232, 50, 20), Cancel_rect=(212, 232, 50, 20)
[TIMER MOUSE] Pos=(126,196), OK_rect=(122, 232, 50, 20), Cancel_rect=(212, 232, 50, 20)
[TIMER MOUSE] Pos=(127,197), OK_rect=(122, 232, 50, 20), Cancel_rect=(212, 232, 50, 20)
[TIMER MOUSE] Pos=(129,202), OK_rect=(122, 232, 50, 20), Cancel_rect=(212, 232, 50, 20)
[TIMER MOUSE] Pos=(134,210), OK_rect=(122, 232, 50, 20), Cancel_rect=(212, 232, 50, 20)
[TIMER MOUSE] Pos=(137,214), OK_rect=(122, 232, 50, 20), Cancel_rect=(212, 232, 50, 20)
[TIMER MOUSE] Pos=(139,220), OK_rect=(122, 232, 50, 20), Cancel_rect=(212, 232, 50, 20)
[TIMER MOUSE] Pos=(140,227), OK_rect=(122, 232, 50, 20), Cancel_rect=(212, 232, 50, 20)
[TIMER MOUSE] Pos=(142,232), OK_rect=(122, 232, 50, 20), Cancel_rect=(212, 232, 50, 20)
[TIMER MOUSE] Pos=(145,235), OK_rect=(122, 232, 50, 20), Cancel_rect=(212, 232, 50, 20)
[TIMER MOUSE] Pos=(148,237), OK_rect=(122, 232, 50, 20), Cancel_rect=(212, 232, 50, 20)
[TIMER MOUSE] Pos=(149,237), OK_rect=(122, 232, 50, 20), Cancel_rect=(212, 232, 50, 20)
[TIMER MOUSE] Pos=(149,237), OK_rect=(122, 232, 50, 20), Cancel_rect=(212, 232, 50, 20)
[TIMER MOUSE] Pos=(149,237), OK_rect=(122, 232, 50, 20), Cancel_rect=(212, 232, 50, 20)
[TIMER MOUSE] Pos=(149,237), OK_rect=(122, 232, 50, 20), Cancel_rect=(212, 232, 50, 20)
[TIMER MOUSE] Pos=(149,238), OK_rect=(122, 232, 50, 20), Cancel_rect=(212, 232, 50, 20)
[TIMER MOUSE] Pos=(149,238), OK_rect=(122, 232, 50, 20), Cancel_rect=(212, 232, 50, 20)
[TIMER MOUSE] Pos=(149,239), OK_rect=(122, 232, 50, 20), Cancel_rect=(212, 232, 50, 20)
[TIMER MOUSE] Pos=(149,239), OK_rect=(122, 232, 50, 20), Cancel_rect=(212, 232, 50, 20)
[TIMER MOUSE] Pos=(149,239), OK_rect=(122, 232, 50, 20), Cancel_rect=(212, 232, 50, 20)
[TIMER MOUSE] Pos=(149,239), OK_rect=(122, 232, 50, 20), Cancel_rect=(212, 232, 50, 20)
[TIMER MOUSE] Pos=(149,239), OK_rect=(122, 232, 50, 20), Cancel_rect=(212, 232, 50, 20)
[TIMER MOUSE] Pos=(149,239), OK_rect=(122, 232, 50, 20), Cancel_rect=(212, 232, 50, 20)
[TIMER MOUSE] Pos=(149,239), OK_rect=(122, 232, 50, 20), Cancel_rect=(212, 232, 50, 20)
[TIMER MOUSE] Pos=(149,239), OK_rect=(122, 232, 50, 20), Cancel_rect=(212, 232, 50, 20)
[TIMER MOUSE] Pos=(148,240), OK_rect=(122, 232, 50, 20), Cancel_rect=(212, 232, 50, 20)
[TIMER MOUSE] Pos=(148,240), OK_rect=(122, 232, 50, 20), Cancel_rect=(212, 232, 50, 20)
[TIMER MOUSE] Pos=(148,240), OK_rect=(122, 232, 50, 20), Cancel_rect=(212, 232, 50, 20)
[TIMER MOUSE] Pos=(148,240), OK_rect=(122, 232, 50, 20), Cancel_rect=(212, 232, 50, 20)
[TIMER MOUSE] Pos=(148,240), OK_rect=(122, 232, 50, 20), Cancel_rect=(212, 232, 50, 20)
[TIMER MOUSE] Pos=(148,240), OK_rect=(122, 232, 50, 20), Cancel_rect=(212, 232, 50, 20)
[TIMER MOUSE] Pos=(148,240), OK_rect=(122, 232, 50, 20), Cancel_rect=(212, 232, 50, 20)
[TIMER MOUSE] Pos=(148,240), OK_rect=(122, 232, 50, 20), Cancel_rect=(212, 232, 50, 20)
[TIMER MOUSE] Pos=(148,240), OK_rect=(122, 232, 50, 20), Cancel_rect=(212, 232, 50, 20)
[TIMER MOUSE] Pos=(148,240), OK_rect=(122, 232, 50, 20), Cancel_rect=(212, 232, 50, 20)
[TIMER MOUSE] Pos=(148,240), OK_rect=(122, 232, 50, 20), Cancel_rect=(212, 232, 50, 20)
[TIMER MOUSE] Pos=(148,240), OK_rect=(122, 232, 50, 20), Cancel_rect=(212, 232, 50, 20)
[TIMER MOUSE] Pos=(148,240), OK_rect=(122, 232, 50, 20), Cancel_rect=(212, 232, 50, 20)
[TIMER MOUSE] Pos=(148,240), OK_rect=(122, 232, 50, 20), Cancel_rect=(212, 232, 50, 20)
[TIMER MOUSE] Pos=(148,240), OK_rect=(122, 232, 50, 20), Cancel_rect=(212, 232, 50, 20)
[TIMER MOUSE] Pos=(148,240), OK_rect=(122, 232, 50, 20), Cancel_rect=(212, 232, 50, 20)
[TIMER MOUSE] Pos=(148,240), OK_rect=(122, 232, 50, 20), Cancel_rect=(212, 232, 50, 20)
[TIMER MOUSE] Pos=(148,240), OK_rect=(122, 232, 50, 20), Cancel_rect=(212, 232, 50, 20)
[TIMER MOUSE] Pos=(148,240), OK_rect=(122, 232, 50, 20), Cancel_rect=(212, 232, 50, 20)
[TIMER MOUSE] Pos=(156,240), OK_rect=(122, 232, 50, 20), Cancel_rect=(212, 232, 50, 20)
[TIMER MOUSE] Pos=(205,240), OK_rect=(122, 232, 50, 20), Cancel_rect=(212, 232, 50, 20)
[TIMER MOUSE] Pos=(250,241), OK_rect=(122, 232, 50, 20), Cancel_rect=(212, 232, 50, 20)
[TIMER MOUSE] Pos=(257,241), OK_rect=(122, 232, 50, 20), Cancel_rect=(212, 232, 50, 20)
[TIMER MOUSE] Pos=(257,241), OK_rect=(122, 232, 50, 20), Cancel_rect=(212, 232, 50, 20)
[TIMER MOUSE] Pos=(257,241), OK_rect=(122, 232, 50, 20), Cancel_rect=(212, 232, 50, 20)
[TIMER MOUSE] Pos=(259,241), OK_rect=(122, 232, 50, 20), Cancel_rect=(212, 232, 50, 20)
[TIMER MOUSE] Pos=(259,241), OK_rect=(122, 232, 50, 20), Cancel_rect=(212, 232, 50, 20)
[TIMER MOUSE] Pos=(259,241), OK_rect=(122, 232, 50, 20), Cancel_rect=(212, 232, 50, 20)
[TIMER MOUSE] Pos=(259,241), OK_rect=(122, 232, 50, 20), Cancel_rect=(212, 232, 50, 20)
[TIMER MOUSE] Pos=(259,241), OK_rect=(122, 232, 50, 20), Cancel_rect=(212, 232, 50, 20)
[TIMER MOUSE] Pos=(259,241), OK_rect=(122, 232, 50, 20), Cancel_rect=(212, 232, 50, 20)
[TIMER MOUSE] Pos=(255,241), OK_rect=(122, 232, 50, 20), Cancel_rect=(212, 232, 50, 20)
[TIMER MOUSE] Pos=(247,241), OK_rect=(122, 232, 50, 20), Cancel_rect=(212, 232, 50, 20)
[TIMER MOUSE] Pos=(244,241), OK_rect=(122, 232, 50, 20), Cancel_rect=(212, 232, 50, 20)
[TIMER MOUSE] Pos=(243,241), OK_rect=(122, 232, 50, 20), Cancel_rect=(212, 232, 50, 20)
[TIMER MOUSE] Pos=(243,241), OK_rect=(122, 232, 50, 20), Cancel_rect=(212, 232, 50, 20)
[TIMER MOUSE] Pos=(243,241), OK_rect=(122, 232, 50, 20), Cancel_rect=(212, 232, 50, 20)
[TIMER MOUSE] Pos=(302,97), OK_rect=(122, 232, 50, 20), Cancel_rect=(212, 232, 50, 20)
[TIMER MOUSE] Pos=(302,97), OK_rect=(122, 232, 50, 20), Cancel_rect=(212, 232, 50, 20)
[TIMER MOUSE] Pos=(302,97), OK_rect=(122, 232, 50, 20), Cancel_rect=(212, 232, 50, 20)
[TIMER MOUSE] Pos=(302,97), OK_rect=(122, 232, 50, 20), Cancel_rect=(212, 232, 50, 20)
[TIMER MOUSE] Pos=(299,99), OK_rect=(122, 232, 50, 20), Cancel_rect=(212, 232, 50, 20)
[TIMER MOUSE] Pos=(297,102), OK_rect=(122, 232, 50, 20), Cancel_rect=(212, 232, 50, 20)
[TIMER MOUSE] Pos=(295,104), OK_rect=(122, 232, 50, 20), Cancel_rect=(212, 232, 50, 20)
[TIMER MOUSE] Pos=(283,109), OK_rect=(122, 232, 50, 20), Cancel_rect=(212, 232, 50, 20)
[TIMER MOUSE] Pos=(264,122), OK_rect=(122, 232, 50, 20), Cancel_rect=(212, 232, 50, 20)
[TIMER MOUSE] Pos=(231,144), OK_rect=(122, 232, 50, 20), Cancel_rect=(212, 232, 50, 20)
[TIMER MOUSE] Pos=(175,184), OK_rect=(122, 232, 50, 20), Cancel_rect=(212, 232, 50, 20)
[TIMER MOUSE] Pos=(156,203), OK_rect=(122, 232, 50, 20), Cancel_rect=(212, 232, 50, 20)
[TIMER MOUSE] Pos=(154,209), OK_rect=(122, 232, 50, 20), Cancel_rect=(212, 232, 50, 20)
[TIMER MOUSE] Pos=(154,211), OK_rect=(122, 232, 50, 20), Cancel_rect=(212, 232, 50, 20)
[TIMER MOUSE] Pos=(155,211), OK_rect=(122, 232, 50, 20), Cancel_rect=(212, 232, 50, 20)
[TIMER MOUSE] Pos=(155,214), OK_rect=(122, 232, 50, 20), Cancel_rect=(212, 232, 50, 20)
[TIMER MOUSE] Pos=(155,216), OK_rect=(122, 232, 50, 20), Cancel_rect=(212, 232, 50, 20)
[TIMER MOUSE] Pos=(154,222), OK_rect=(122, 232, 50, 20), Cancel_rect=(212, 232, 50, 20)
[TIMER MOUSE] Pos=(154,224), OK_rect=(122, 232, 50, 20), Cancel_rect=(212, 232, 50, 20)
[TIMER MOUSE] Pos=(153,225), OK_rect=(122, 232, 50, 20), Cancel_rect=(212, 232, 50, 20)
[TIMER MOUSE] Pos=(151,230), OK_rect=(122, 232, 50, 20), Cancel_rect=(212, 232, 50, 20)
[TIMER MOUSE] Pos=(149,234), OK_rect=(122, 232, 50, 20), Cancel_rect=(212, 232, 50, 20)
[TIMER MOUSE] Pos=(148,238), OK_rect=(122, 232, 50, 20), Cancel_rect=(212, 232, 50, 20)
[TIMER MOUSE] Pos=(147,241), OK_rect=(122, 232, 50, 20), Cancel_rect=(212, 232, 50, 20)
[TIMER MOUSE] Pos=(146,242), OK_rect=(122, 232, 50, 20), Cancel_rect=(212, 232, 50, 20)
[TIMER MOUSE] Pos=(146,242), OK_rect=(122, 232, 50, 20), Cancel_rect=(212, 232, 50, 20)
[TIMER MOUSE] Pos=(146,243), OK_rect=(122, 232, 50, 20), Cancel_rect=(212, 232, 50, 20)
[TIMER MOUSE] Pos=(146,244), OK_rect=(122, 232, 50, 20), Cancel_rect=(212, 232, 50, 20)
[TIMER MOUSE] Pos=(146,244), OK_rect=(122, 232, 50, 20), Cancel_rect=(212, 232, 50, 20)
[TIMER MOUSE] Pos=(146,244), OK_rect=(122, 232, 50, 20), Cancel_rect=(212, 232, 50, 20)
[TIMER MOUSE] Pos=(304,97), OK_rect=(122, 232, 50, 20), Cancel_rect=(212, 232, 50, 20)
[TIMER MOUSE] Pos=(304,97), OK_rect=(122, 232, 50, 20), Cancel_rect=(212, 232, 50, 20)
[TIMER MOUSE] Pos=(304,97), OK_rect=(122, 232, 50, 20), Cancel_rect=(212, 232, 50, 20)
[TIMER MOUSE] Pos=(304,97), OK_rect=(122, 232, 50, 20), Cancel_rect=(212, 232, 50, 20)
[TIMER MOUSE] Pos=(302,98), OK_rect=(122, 232, 50, 20), Cancel_rect=(212, 232, 50, 20)
[TIMER MOUSE] Pos=(296,100), OK_rect=(122, 232, 50, 20), Cancel_rect=(212, 232, 50, 20)
[TIMER MOUSE] Pos=(293,101), OK_rect=(122, 232, 50, 20), Cancel_rect=(212, 232, 50, 20)
[TIMER MOUSE] Pos=(290,102), OK_rect=(122, 232, 50, 20), Cancel_rect=(212, 232, 50, 20)
[TIMER MOUSE] Pos=(285,104), OK_rect=(122, 232, 50, 20), Cancel_rect=(212, 232, 50, 20)
[TIMER MOUSE] Pos=(273,110), OK_rect=(122, 232, 50, 20), Cancel_rect=(212, 232, 50, 20)
[TIMER MOUSE] Pos=(236,128), OK_rect=(122, 232, 50, 20), Cancel_rect=(212, 232, 50, 20)
[TIMER MOUSE] Pos=(201,146), OK_rect=(122, 232, 50, 20), Cancel_rect=(212, 232, 50, 20)
[TIMER MOUSE] Pos=(181,158), OK_rect=(122, 232, 50, 20), Cancel_rect=(212, 232, 50, 20)
[TIMER MOUSE] Pos=(179,159), OK_rect=(122, 232, 50, 20), Cancel_rect=(212, 232, 50, 20)
[TIMER MOUSE] Pos=(179,159), OK_rect=(122, 232, 50, 20), Cancel_rect=(212, 232, 50, 20)
[TIMER MOUSE] Pos=(179,159), OK_rect=(122, 232, 50, 20), Cancel_rect=(212, 232, 50, 20)
[TIMER MOUSE] Pos=(179,159), OK_rect=(122, 232, 50, 20), Cancel_rect=(212, 232, 50, 20)
[TIMER MOUSE] Pos=(179,159), OK_rect=(122, 232, 50, 20), Cancel_rect=(212, 232, 50, 20)
[TIMER MOUSE] Pos=(179,159), OK_rect=(122, 232, 50, 20), Cancel_rect=(212, 232, 50, 20)
[TIMER MOUSE] Pos=(179,159), OK_rect=(122, 232, 50, 20), Cancel_rect=(212, 232, 50, 20)
[TIMER MOUSE] Pos=(179,159), OK_rect=(122, 232, 50, 20), Cancel_rect=(212, 232, 50, 20)
[TIMER MOUSE] Pos=(179,159), OK_rect=(122, 232, 50, 20), Cancel_rect=(212, 232, 50, 20)
[TIMER MOUSE] Pos=(179,159), OK_rect=(122, 232, 50, 20), Cancel_rect=(212, 232, 50, 20)
[TIMER MOUSE] Pos=(179,159), OK_rect=(122, 232, 50, 20), Cancel_rect=(212, 232, 50, 20)
[TIMER MOUSE] Pos=(179,159), OK_rect=(122, 232, 50, 20), Cancel_rect=(212, 232, 50, 20)
[TIMER MOUSE] Pos=(179,159), OK_rect=(122, 232, 50, 20), Cancel_rect=(212, 232, 50, 20)
[TIMER MOUSE] Pos=(179,159), OK_rect=(122, 232, 50, 20), Cancel_rect=(212, 232, 50, 20)
[TIMER MOUSE] Pos=(179,159), OK_rect=(122, 232, 50, 20), Cancel_rect=(212, 232, 50, 20)
[TIMER MOUSE] Pos=(179,159), OK_rect=(122, 232, 50, 20), Cancel_rect=(212, 232, 50, 20)
[TIMER MOUSE] Pos=(179,159), OK_rect=(122, 232, 50, 20), Cancel_rect=(212, 232, 50, 20)
[TIMER MOUSE] Pos=(179,159), OK_rect=(122, 232, 50, 20), Cancel_rect=(212, 232, 50, 20)
[TIMER MOUSE] Pos=(179,159), OK_rect=(122, 232, 50, 20), Cancel_rect=(212, 232, 50, 20)
[TIMER MOUSE] Pos=(179,159), OK_rect=(122, 232, 50, 20), Cancel_rect=(212, 232, 50, 20)
[TIMER MOUSE] Pos=(179,159), OK_rect=(122, 232, 50, 20), Cancel_rect=(212, 232, 50, 20)
[TIMER MOUSE] Pos=(179,159), OK_rect=(122, 232, 50, 20), Cancel_rect=(212, 232, 50, 20)
[TIMER MOUSE] Pos=(179,159), OK_rect=(122, 232, 50, 20), Cancel_rect=(212, 232, 50, 20)
[TIMER MOUSE] Pos=(179,159), OK_rect=(122, 232, 50, 20), Cancel_rect=(212, 232, 50, 20)
[TIMER MOUSE] Pos=(179,159), OK_rect=(122, 232, 50, 20), Cancel_rect=(212, 232, 50, 20)
[TIMER MOUSE] Pos=(179,159), OK_rect=(122, 232, 50, 20), Cancel_rect=(212, 232, 50, 20)
[TIMER MOUSE] Pos=(179,159), OK_rect=(122, 232, 50, 20), Cancel_rect=(212, 232, 50, 20)
[TIMER MOUSE] Pos=(179,159), OK_rect=(122, 232, 50, 20), Cancel_rect=(212, 232, 50, 20)
[TIMER MOUSE] Pos=(179,159), OK_rect=(122, 232, 50, 20), Cancel_rect=(212, 232, 50, 20)
[TIMER MOUSE] Pos=(179,159), OK_rect=(122, 232, 50, 20), Cancel_rect=(212, 232, 50, 20)
[TIMER MOUSE] Pos=(179,159), OK_rect=(122, 232, 50, 20), Cancel_rect=(212, 232, 50, 20)
[TIMER MOUSE] Pos=(179,159), OK_rect=(122, 232, 50, 20), Cancel_rect=(212, 232, 50, 20)
[TIMER MOUSE] Pos=(179,159), OK_rect=(122, 232, 50, 20), Cancel_rect=(212, 232, 50, 20)
[TIMER MOUSE] Pos=(179,159), OK_rect=(122, 232, 50, 20), Cancel_rect=(212, 232, 50, 20)
[TIMER MOUSE] Pos=(179,159), OK_rect=(122, 232, 50, 20), Cancel_rect=(212, 232, 50, 20)
[TIMER MOUSE] Pos=(179,159), OK_rect=(122, 232, 50, 20), Cancel_rect=(212, 232, 50, 20)
[TIMER MOUSE] Pos=(179,159), OK_rect=(122, 232, 50, 20), Cancel_rect=(212, 232, 50, 20)
[TIMER MOUSE] Pos=(179,159), OK_rect=(122, 232, 50, 20), Cancel_rect=(212, 232, 50, 20)
[TIMER MOUSE] Pos=(179,159), OK_rect=(122, 232, 50, 20), Cancel_rect=(212, 232, 50, 20)
[TIMER MOUSE] Pos=(179,159), OK_rect=(122, 232, 50, 20), Cancel_rect=(212, 232, 50, 20)
[TIMER MOUSE] Pos=(179,159), OK_rect=(122, 232, 50, 20), Cancel_rect=(212, 232, 50, 20)
[TIMER MOUSE] Pos=(179,159), OK_rect=(122, 232, 50, 20), Cancel_rect=(212, 232, 50, 20)
[TIMER MOUSE] Pos=(179,159), OK_rect=(122, 232, 50, 20), Cancel_rect=(212, 232, 50, 20)
[TIMER MOUSE] Pos=(179,159), OK_rect=(122, 232, 50, 20), Cancel_rect=(212, 232, 50, 20)
[TIMER MOUSE] Pos=(179,159), OK_rect=(122, 232, 50, 20), Cancel_rect=(212, 232, 50, 20)
[TIMER MOUSE] Pos=(179,159), OK_rect=(122, 232, 50, 20), Cancel_rect=(212, 232, 50, 20)
[TIMER MOUSE] Pos=(179,159), OK_rect=(122, 232, 50, 20), Cancel_rect=(212, 232, 50, 20)
[TIMER MOUSE] Pos=(179,159), OK_rect=(122, 232, 50, 20), Cancel_rect=(212, 232, 50, 20)
[TIMER MOUSE] Pos=(179,159), OK_rect=(122, 232, 50, 20), Cancel_rect=(212, 232, 50, 20)
[TIMER MOUSE] Pos=(179,159), OK_rect=(122, 232, 50, 20), Cancel_rect=(212, 232, 50, 20)
[TIMER MOUSE] Pos=(179,159), OK_rect=(122, 232, 50, 20), Cancel_rect=(212, 232, 50, 20)
[TIMER MOUSE] Pos=(179,159), OK_rect=(122, 232, 50, 20), Cancel_rect=(212, 232, 50, 20)
[TIMER MOUSE] Pos=(179,159), OK_rect=(122, 232, 50, 20), Cancel_rect=(212, 232, 50, 20)
[TIMER MOUSE] Pos=(179,159), OK_rect=(122, 232, 50, 20), Cancel_rect=(212, 232, 50, 20)
[TIMER MOUSE] Pos=(179,159), OK_rect=(122, 232, 50, 20), Cancel_rect=(212, 232, 50, 20)
[TIMER MOUSE] Pos=(179,159), OK_rect=(122, 232, 50, 20), Cancel_rect=(212, 232, 50, 20)
[TIMER MOUSE] Pos=(179,159), OK_rect=(122, 232, 50, 20), Cancel_rect=(212, 232, 50, 20)
[TIMER MOUSE] Pos=(179,159), OK_rect=(122, 232, 50, 20), Cancel_rect=(212, 232, 50, 20)
[TIMER MOUSE] Pos=(179,159), OK_rect=(122, 232, 50, 20), Cancel_rect=(212, 232, 50, 20)
[TIMER MOUSE] Pos=(179,159), OK_rect=(122, 232, 50, 20), Cancel_rect=(212, 232, 50, 20)
[TIMER MOUSE] Pos=(179,159), OK_rect=(122, 232, 50, 20), Cancel_rect=(212, 232, 50, 20)
[TIMER MOUSE] Pos=(179,159), OK_rect=(122, 232, 50, 20), Cancel_rect=(212, 232, 50, 20)
[TIMER MOUSE] Pos=(179,159), OK_rect=(122, 232, 50, 20), Cancel_rect=(212, 232, 50, 20)
[TIMER MOUSE] Pos=(179,159), OK_rect=(122, 232, 50, 20), Cancel_rect=(212, 232, 50, 20)
[TIMER MOUSE] Pos=(179,159), OK_rect=(122, 232, 50, 20), Cancel_rect=(212, 232, 50, 20)
[TIMER MOUSE] Pos=(179,159), OK_rect=(122, 232, 50, 20), Cancel_rect=(212, 232, 50, 20)
[TIMER MOUSE] Pos=(179,159), OK_rect=(122, 232, 50, 20), Cancel_rect=(212, 232, 50, 20)
[TIMER MOUSE] Pos=(179,159), OK_rect=(122, 232, 50, 20), Cancel_rect=(212, 232, 50, 20)
[TIMER MOUSE] Pos=(179,159), OK_rect=(122, 232, 50, 20), Cancel_rect=(212, 232, 50, 20)
[TIMER MOUSE] Pos=(179,159), OK_rect=(122, 232, 50, 20), Cancel_rect=(212, 232, 50, 20)
[TIMER MOUSE] Pos=(179,159), OK_rect=(122, 232, 50, 20), Cancel_rect=(212, 232, 50, 20)
[TIMER MOUSE] Pos=(179,159), OK_rect=(122, 232, 50, 20), Cancel_rect=(212, 232, 50, 20)
[TIMER MOUSE] Pos=(179,159), OK_rect=(122, 232, 50, 20), Cancel_rect=(212, 232, 50, 20)
[TIMER MOUSE] Pos=(179,159), OK_rect=(122, 232, 50, 20), Cancel_rect=(212, 232, 50, 20)
[TIMER MOUSE] Pos=(179,159), OK_rect=(122, 232, 50, 20), Cancel_rect=(212, 232, 50, 20)
[TIMER MOUSE] Pos=(179,159), OK_rect=(122, 232, 50, 20), Cancel_rect=(212, 232, 50, 20)
[TIMER MOUSE] Pos=(179,159), OK_rect=(122, 232, 50, 20), Cancel_rect=(212, 232, 50, 20)
[TIMER MOUSE] Pos=(179,159), OK_rect=(122, 232, 50, 20), Cancel_rect=(212, 232, 50, 20)
[TIMER MOUSE] Pos=(179,159), OK_rect=(122, 232, 50, 20), Cancel_rect=(212, 232, 50, 20)
[TIMER MOUSE] Pos=(179,159), OK_rect=(122, 232, 50, 20), Cancel_rect=(212, 232, 50, 20)
[TIMER MOUSE] Pos=(179,159), OK_rect=(122, 232, 50, 20), Cancel_rect=(212, 232, 50, 20)
[TIMER MOUSE] Pos=(179,159), OK_rect=(122, 232, 50, 20), Cancel_rect=(212, 232, 50, 20)
[TIMER MOUSE] Pos=(179,159), OK_rect=(122, 232, 50, 20), Cancel_rect=(212, 232, 50, 20)
[TIMER MOUSE] Pos=(179,159), OK_rect=(122, 232, 50, 20), Cancel_rect=(212, 232, 50, 20)
[TIMER MOUSE] Pos=(179,159), OK_rect=(122, 232, 50, 20), Cancel_rect=(212, 232, 50, 20)
[TIMER MOUSE] Pos=(179,159), OK_rect=(122, 232, 50, 20), Cancel_rect=(212, 232, 50, 20)
[TIMER MOUSE] Pos=(179,159), OK_rect=(122, 232, 50, 20), Cancel_rect=(212, 232, 50, 20)
[TIMER MOUSE] Pos=(179,159), OK_rect=(122, 232, 50, 20), Cancel_rect=(212, 232, 50, 20)
[TIMER MOUSE] Pos=(179,159), OK_rect=(122, 232, 50, 20), Cancel_rect=(212, 232, 50, 20)
[TIMER MOUSE] Pos=(179,159), OK_rect=(122, 232, 50, 20), Cancel_rect=(212, 232, 50, 20)
[TIMER MOUSE] Pos=(179,159), OK_rect=(122, 232, 50, 20), Cancel_rect=(212, 232, 50, 20)
[TIMER MOUSE] Pos=(179,159), OK_rect=(122, 232, 50, 20), Cancel_rect=(212, 232, 50, 20)
[TIMER MOUSE] Pos=(179,159), OK_rect=(122, 232, 50, 20), Cancel_rect=(212, 232, 50, 20)
[TIMER MOUSE] Pos=(179,159), OK_rect=(122, 232, 50, 20), Cancel_rect=(212, 232, 50, 20)
[TIMER MOUSE] Pos=(179,159), OK_rect=(122, 232, 50, 20), Cancel_rect=(212, 232, 50, 20)
[TIMER MOUSE] Pos=(179,159), OK_rect=(122, 232, 50, 20), Cancel_rect=(212, 232, 50, 20)
[TIMER MOUSE] Pos=(179,159), OK_rect=(122, 232, 50, 20), Cancel_rect=(212, 232, 50, 20)
[TIMER MOUSE] Pos=(179,159), OK_rect=(122, 232, 50, 20), Cancel_rect=(212, 232, 50, 20)
[TIMER MOUSE] Pos=(179,159), OK_rect=(122, 232, 50, 20), Cancel_rect=(212, 232, 50, 20)
[TIMER MOUSE] Pos=(179,159), OK_rect=(122, 232, 50, 20), Cancel_rect=(212, 232, 50, 20)
[TIMER MOUSE] Pos=(179,159), OK_rect=(122, 232, 50, 20), Cancel_rect=(212, 232, 50, 20)
[TIMER MOUSE] Pos=(179,159), OK_rect=(122, 232, 50, 20), Cancel_rect=(212, 232, 50, 20)
[TIMER MOUSE] Pos=(179,159), OK_rect=(122, 232, 50, 20), Cancel_rect=(212, 232, 50, 20)
[TIMER MOUSE] Pos=(179,159), OK_rect=(122, 232, 50, 20), Cancel_rect=(212, 232, 50, 20)
[TIMER MOUSE] Pos=(179,159), OK_rect=(122, 232, 50, 20), Cancel_rect=(212, 232, 50, 20)
[TIMER MOUSE] Pos=(179,159), OK_rect=(122, 232, 50, 20), Cancel_rect=(212, 232, 50, 20)
[TIMER MOUSE] Pos=(179,159), OK_rect=(122, 232, 50, 20), Cancel_rect=(212, 232, 50, 20)
[TIMER MOUSE] Pos=(179,159), OK_rect=(122, 232, 50, 20), Cancel_rect=(212, 232, 50, 20)
[TIMER MOUSE] Pos=(179,159), OK_rect=(122, 232, 50, 20), Cancel_rect=(212, 232, 50, 20)
[TIMER MOUSE] Pos=(179,159), OK_rect=(122, 232, 50, 20), Cancel_rect=(212, 232, 50, 20)
[TIMER MOUSE] Pos=(179,159), OK_rect=(122, 232, 50, 20), Cancel_rect=(212, 232, 50, 20)
[TIMER MOUSE] Pos=(179,159), OK_rect=(122, 232, 50, 20), Cancel_rect=(212, 232, 50, 20)
[TIMER MOUSE] Pos=(179,159), OK_rect=(122, 232, 50, 20), Cancel_rect=(212, 232, 50, 20)
[TIMER MOUSE] Pos=(179,159), OK_rect=(122, 232, 50, 20), Cancel_rect=(212, 232, 50, 20)
[TIMER MOUSE] Pos=(179,159), OK_rect=(122, 232, 50, 20), Cancel_rect=(212, 232, 50, 20)
[TIMER MOUSE] Pos=(179,159), OK_rect=(122, 232, 50, 20), Cancel_rect=(212, 232, 50, 20)
[TIMER MOUSE] Pos=(179,159), OK_rect=(122, 232, 50, 20), Cancel_rect=(212, 232, 50, 20)
[TIMER MOUSE] Pos=(179,159), OK_rect=(122, 232, 50, 20), Cancel_rect=(212, 232, 50, 20)
[TIMER MOUSE] Pos=(179,159), OK_rect=(122, 232, 50, 20), Cancel_rect=(212, 232, 50, 20)
[TIMER MOUSE] Pos=(179,159), OK_rect=(122, 232, 50, 20), Cancel_rect=(212, 232, 50, 20)
[TIMER MOUSE] Pos=(179,159), OK_rect=(122, 232, 50, 20), Cancel_rect=(212, 232, 50, 20)
[TIMER MOUSE] Pos=(179,159), OK_rect=(122, 232, 50, 20), Cancel_rect=(212, 232, 50, 20)
[TIMER MOUSE] Pos=(179,159), OK_rect=(122, 232, 50, 20), Cancel_rect=(212, 232, 50, 20)
[TIMER MOUSE] Pos=(179,159), OK_rect=(122, 232, 50, 20), Cancel_rect=(212, 232, 50, 20)
[TIMER MOUSE] Pos=(179,159), OK_rect=(122, 232, 50, 20), Cancel_rect=(212, 232, 50, 20)
[TIMER MOUSE] Pos=(179,159), OK_rect=(122, 232, 50, 20), Cancel_rect=(212, 232, 50, 20)
[TIMER MOUSE] Pos=(179,159), OK_rect=(122, 232, 50, 20), Cancel_rect=(212, 232, 50, 20)
[TIMER MOUSE] Pos=(179,159), OK_rect=(122, 232, 50, 20), Cancel_rect=(212, 232, 50, 20)
[TIMER MOUSE] Pos=(179,159), OK_rect=(122, 232, 50, 20), Cancel_rect=(212, 232, 50, 20)
[TIMER MOUSE] Pos=(179,159), OK_rect=(122, 232, 50, 20), Cancel_rect=(212, 232, 50, 20)
[TIMER MOUSE] Pos=(179,159), OK_rect=(122, 232, 50, 20), Cancel_rect=(212, 232, 50, 20)
[TIMER MOUSE] Pos=(179,159), OK_rect=(122, 232, 50, 20), Cancel_rect=(212, 232, 50, 20)
[TIMER MOUSE] Pos=(179,159), OK_rect=(122, 232, 50, 20), Cancel_rect=(212, 232, 50, 20)
[TIMER MOUSE] Pos=(179,159), OK_rect=(122, 232, 50, 20), Cancel_rect=(212, 232, 50, 20)
[TIMER MOUSE] Pos=(179,159), OK_rect=(122, 232, 50, 20), Cancel_rect=(212, 232, 50, 20)
[TIMER MOUSE] Pos=(179,159), OK_rect=(122, 232, 50, 20), Cancel_rect=(212, 232, 50, 20)
[TIMER MOUSE] Pos=(179,159), OK_rect=(122, 232, 50, 20), Cancel_rect=(212, 232, 50, 20)
[TIMER MOUSE] Pos=(179,159), OK_rect=(122, 232, 50, 20), Cancel_rect=(212, 232, 50, 20)
[TIMER MOUSE] Pos=(179,159), OK_rect=(122, 232, 50, 20), Cancel_rect=(212, 232, 50, 20)
[TIMER MOUSE] Pos=(179,159), OK_rect=(122, 232, 50, 20), Cancel_rect=(212, 232, 50, 20)
[TIMER MOUSE] Pos=(179,159), OK_rect=(122, 232, 50, 20), Cancel_rect=(212, 232, 50, 20)
[TIMER MOUSE] Pos=(179,159), OK_rect=(122, 232, 50, 20), Cancel_rect=(212, 232, 50, 20)
[TIMER MOUSE] Pos=(179,159), OK_rect=(122, 232, 50, 20), Cancel_rect=(212, 232, 50, 20)
[TIMER MOUSE] Pos=(179,159), OK_rect=(122, 232, 50, 20), Cancel_rect=(212, 232, 50, 20)
[TIMER MOUSE] Pos=(179,159), OK_rect=(122, 232, 50, 20), Cancel_rect=(212, 232, 50, 20)
[TIMER MOUSE] Pos=(179,159), OK_rect=(122, 232, 50, 20), Cancel_rect=(212, 232, 50, 20)
[TIMER MOUSE] Pos=(179,159), OK_rect=(122, 232, 50, 20), Cancel_rect=(212, 232, 50, 20)
[TIMER MOUSE] Pos=(179,159), OK_rect=(122, 232, 50, 20), Cancel_rect=(212, 232, 50, 20)
[TIMER MOUSE] Pos=(179,159), OK_rect=(122, 232, 50, 20), Cancel_rect=(212, 232, 50, 20)
[TIMER MOUSE] Pos=(179,159), OK_rect=(122, 232, 50, 20), Cancel_rect=(212, 232, 50, 20)
[TIMER MOUSE] Pos=(179,159), OK_rect=(122, 232, 50, 20), Cancel_rect=(212, 232, 50, 20)
[TIMER MOUSE] Pos=(182,155), OK_rect=(122, 232, 50, 20), Cancel_rect=(212, 232, 50, 20)
[TIMER MOUSE] Pos=(182,157), OK_rect=(122, 232, 50, 20), Cancel_rect=(212, 232, 50, 20)
[TIMER MOUSE] Pos=(158,195), OK_rect=(122, 232, 50, 20), Cancel_rect=(212, 232, 50, 20)
[TIMER MOUSE] Pos=(151,216), OK_rect=(122, 232, 50, 20), Cancel_rect=(212, 232, 50, 20)
[TIMER MOUSE] Pos=(150,225), OK_rect=(122, 232, 50, 20), Cancel_rect=(212, 232, 50, 20)
[TIMER MOUSE] Pos=(149,230), OK_rect=(122, 232, 50, 20), Cancel_rect=(212, 232, 50, 20)
[TIMER MOUSE] Pos=(150,232), OK_rect=(122, 232, 50, 20), Cancel_rect=(212, 232, 50, 20)
[TIMER MOUSE] Pos=(150,234), OK_rect=(122, 232, 50, 20), Cancel_rect=(212, 232, 50, 20)
[TIMER MOUSE] Pos=(150,235), OK_rect=(122, 232, 50, 20), Cancel_rect=(212, 232, 50, 20)
[TIMER MOUSE] Pos=(150,235), OK_rect=(122, 232, 50, 20), Cancel_rect=(212, 232, 50, 20)
[TIMER MOUSE] Pos=(149,235), OK_rect=(122, 232, 50, 20), Cancel_rect=(212, 232, 50, 20)
[TIMER MOUSE] Pos=(149,235), OK_rect=(122, 232, 50, 20), Cancel_rect=(212, 232, 50, 20)
[TIMER MOUSE] Pos=(149,235), OK_rect=(122, 232, 50, 20), Cancel_rect=(212, 232, 50, 20)
[TIMER MOUSE] Pos=(149,235), OK_rect=(122, 232, 50, 20), Cancel_rect=(212, 232, 50, 20)
[TIMER MOUSE] Pos=(149,235), OK_rect=(122, 232, 50, 20), Cancel_rect=(212, 232, 50, 20)
[TIMER MOUSE] Pos=(149,235), OK_rect=(122, 232, 50, 20), Cancel_rect=(212, 232, 50, 20)
[TIMER MOUSE] Pos=(149,235), OK_rect=(122, 232, 50, 20), Cancel_rect=(212, 232, 50, 20)
[TIMER MOUSE] Pos=(149,235), OK_rect=(122, 232, 50, 20), Cancel_rect=(212, 232, 50, 20)
[TIMER MOUSE] Pos=(149,235), OK_rect=(122, 232, 50, 20), Cancel_rect=(212, 232, 50, 20)
[TIMER MOUSE] Pos=(149,235), OK_rect=(122, 232, 50, 20), Cancel_rect=(212, 232, 50, 20)
[TIMER MOUSE] Pos=(305,96), OK_rect=(122, 232, 50, 20), Cancel_rect=(212, 232, 50, 20)
[TIMER MOUSE] Pos=(305,96), OK_rect=(122, 232, 50, 20), Cancel_rect=(212, 232, 50, 20)
[TIMER MOUSE] Pos=(305,96), OK_rect=(122, 232, 50, 20), Cancel_rect=(212, 232, 50, 20)
[TIMER MOUSE] Pos=(305,96), OK_rect=(122, 232, 50, 20), Cancel_rect=(212, 232, 50, 20)
[TIMER MOUSE] Pos=(305,96), OK_rect=(122, 232, 50, 20), Cancel_rect=(212, 232, 50, 20)
[TIMER MOUSE] Pos=(305,96), OK_rect=(122, 232, 50, 20), Cancel_rect=(212, 232, 50, 20)
[TIMER MOUSE] Pos=(305,97), OK_rect=(122, 232, 50, 20), Cancel_rect=(212, 232, 50, 20)
[TIMER MOUSE] Pos=(305,97), OK_rect=(122, 232, 50, 20), Cancel_rect=(212, 232, 50, 20)
[TIMER MOUSE] Pos=(305,97), OK_rect=(122, 232, 50, 20), Cancel_rect=(212, 232, 50, 20)
[TIMER MOUSE] Pos=(305,97), OK_rect=(122, 232, 50, 20), Cancel_rect=(212, 232, 50, 20)
[TIMER MOUSE] Pos=(305,97), OK_rect=(122, 232, 50, 20), Cancel_rect=(212, 232, 50, 20)
[TIMER MOUSE] Pos=(305,97), OK_rect=(122, 232, 50, 20), Cancel_rect=(212, 232, 50, 20)
[TIMER MOUSE] Pos=(305,97), OK_rect=(122, 232, 50, 20), Cancel_rect=(212, 232, 50, 20)
[TIMER MOUSE] Pos=(305,97), OK_rect=(122, 232, 50, 20), Cancel_rect=(212, 232, 50, 20)
[TIMER MOUSE] Pos=(305,97), OK_rect=(122, 232, 50, 20), Cancel_rect=(212, 232, 50, 20)
[TIMER MOUSE] Pos=(302,97), OK_rect=(122, 232, 50, 20), Cancel_rect=(212, 232, 50, 20)
[TIMER MOUSE] Pos=(274,115), OK_rect=(122, 232, 50, 20), Cancel_rect=(212, 232, 50, 20)
[TIMER MOUSE] Pos=(246,144), OK_rect=(122, 232, 50, 20), Cancel_rect=(212, 232, 50, 20)
[TIMER MOUSE] Pos=(229,174), OK_rect=(122, 232, 50, 20), Cancel_rect=(212, 232, 50, 20)
[TIMER MOUSE] Pos=(214,198), OK_rect=(122, 232, 50, 20), Cancel_rect=(212, 232, 50, 20)
[TIMER MOUSE] Pos=(197,218), OK_rect=(122, 232, 50, 20), Cancel_rect=(212, 232, 50, 20)
[TIMER MOUSE] Pos=(191,220), OK_rect=(122, 232, 50, 20), Cancel_rect=(212, 232, 50, 20)
[TIMER MOUSE] Pos=(191,220), OK_rect=(122, 232, 50, 20), Cancel_rect=(212, 232, 50, 20)
[TIMER MOUSE] Pos=(191,220), OK_rect=(122, 232, 50, 20), Cancel_rect=(212, 232, 50, 20)
[TIMER MOUSE] Pos=(190,220), OK_rect=(122, 232, 50, 20), Cancel_rect=(212, 232, 50, 20)
[TIMER MOUSE] Pos=(189,220), OK_rect=(122, 232, 50, 20), Cancel_rect=(212, 232, 50, 20)
[TIMER MOUSE] Pos=(189,220), OK_rect=(122, 232, 50, 20), Cancel_rect=(212, 232, 50, 20)
[TIMER MOUSE] Pos=(189,220), OK_rect=(122, 232, 50, 20), Cancel_rect=(212, 232, 50, 20)
[TIMER MOUSE] Pos=(189,220), OK_rect=(122, 232, 50, 20), Cancel_rect=(212, 232, 50, 20)
[TIMER MOUSE] Pos=(189,220), OK_rect=(122, 232, 50, 20), Cancel_rect=(212, 232, 50, 20)
[TIMER MOUSE] Pos=(189,220), OK_rect=(122, 232, 50, 20), Cancel_rect=(212, 232, 50, 20)
[TIMER MOUSE] Pos=(189,220), OK_rect=(122, 232, 50, 20), Cancel_rect=(212, 232, 50, 20)
[TIMER MOUSE] Pos=(189,220), OK_rect=(122, 232, 50, 20), Cancel_rect=(212, 232, 50, 20)
[TIMER MOUSE] Pos=(189,220), OK_rect=(122, 232, 50, 20), Cancel_rect=(212, 232, 50, 20)
[TIMER MOUSE] Pos=(189,220), OK_rect=(122, 232, 50, 20), Cancel_rect=(212, 232, 50, 20)
[TIMER MOUSE] Pos=(189,220), OK_rect=(122, 232, 50, 20), Cancel_rect=(212, 232, 50, 20)
[TIMER MOUSE] Pos=(189,220), OK_rect=(122, 232, 50, 20), Cancel_rect=(212, 232, 50, 20)
[TIMER MOUSE] Pos=(189,220), OK_rect=(122, 232, 50, 20), Cancel_rect=(212, 232, 50, 20)
[TIMER MOUSE] Pos=(189,220), OK_rect=(122, 232, 50, 20), Cancel_rect=(212, 232, 50, 20)
[TIMER MOUSE] Pos=(189,220), OK_rect=(122, 232, 50, 20), Cancel_rect=(212, 232, 50, 20)
[TIMER MOUSE] Pos=(189,220), OK_rect=(122, 232, 50, 20), Cancel_rect=(212, 232, 50, 20)
[TIMER MOUSE] Pos=(189,220), OK_rect=(122, 232, 50, 20), Cancel_rect=(212, 232, 50, 20)
[TIMER MOUSE] Pos=(189,220), OK_rect=(122, 232, 50, 20), Cancel_rect=(212, 232, 50, 20)
[TIMER MOUSE] Pos=(189,220), OK_rect=(122, 232, 50, 20), Cancel_rect=(212, 232, 50, 20)
[TIMER MOUSE] Pos=(189,220), OK_rect=(122, 232, 50, 20), Cancel_rect=(212, 232, 50, 20)
[TIMER MOUSE] Pos=(189,220), OK_rect=(122, 232, 50, 20), Cancel_rect=(212, 232, 50, 20)
[TIMER MOUSE] Pos=(189,220), OK_rect=(122, 232, 50, 20), Cancel_rect=(212, 232, 50, 20)
[TIMER MOUSE] Pos=(189,220), OK_rect=(122, 232, 50, 20), Cancel_rect=(212, 232, 50, 20)
[TIMER MOUSE] Pos=(189,220), OK_rect=(122, 232, 50, 20), Cancel_rect=(212, 232, 50, 20)
[TIMER MOUSE] Pos=(189,220), OK_rect=(122, 232, 50, 20), Cancel_rect=(212, 232, 50, 20)
[TIMER MOUSE] Pos=(189,220), OK_rect=(122, 232, 50, 20), Cancel_rect=(212, 232, 50, 20)
[TIMER MOUSE] Pos=(189,220), OK_rect=(122, 232, 50, 20), Cancel_rect=(212, 232, 50, 20)
[TIMER MOUSE] Pos=(189,220), OK_rect=(122, 232, 50, 20), Cancel_rect=(212, 232, 50, 20)
[TIMER MOUSE] Pos=(189,220), OK_rect=(122, 232, 50, 20), Cancel_rect=(212, 232, 50, 20)
[TIMER MOUSE] Pos=(189,220), OK_rect=(122, 232, 50, 20), Cancel_rect=(212, 232, 50, 20)
[TIMER MOUSE] Pos=(189,220), OK_rect=(122, 232, 50, 20), Cancel_rect=(212, 232, 50, 20)
[TIMER MOUSE] Pos=(189,220), OK_rect=(122, 232, 50, 20), Cancel_rect=(212, 232, 50, 20)
[TIMER MOUSE] Pos=(189,220), OK_rect=(122, 232, 50, 20), Cancel_rect=(212, 232, 50, 20)
[TIMER MOUSE] Pos=(189,220), OK_rect=(122, 232, 50, 20), Cancel_rect=(212, 232, 50, 20)
[TIMER MOUSE] Pos=(189,220), OK_rect=(122, 232, 50, 20), Cancel_rect=(212, 232, 50, 20)
[TIMER MOUSE] Pos=(189,220), OK_rect=(122, 232, 50, 20), Cancel_rect=(212, 232, 50, 20)
[TIMER MOUSE] Pos=(189,220), OK_rect=(122, 232, 50, 20), Cancel_rect=(212, 232, 50, 20)
[TIMER MOUSE] Pos=(189,220), OK_rect=(122, 232, 50, 20), Cancel_rect=(212, 232, 50, 20)
[TIMER MOUSE] Pos=(189,220), OK_rect=(122, 232, 50, 20), Cancel_rect=(212, 232, 50, 20)
[TIMER MOUSE] Pos=(189,220), OK_rect=(122, 232, 50, 20), Cancel_rect=(212, 232, 50, 20)
[TIMER MOUSE] Pos=(189,220), OK_rect=(122, 232, 50, 20), Cancel_rect=(212, 232, 50, 20)
[TIMER MOUSE] Pos=(189,220), OK_rect=(122, 232, 50, 20), Cancel_rect=(212, 232, 50, 20)
[TIMER MOUSE] Pos=(189,220), OK_rect=(122, 232, 50, 20), Cancel_rect=(212, 232, 50, 20)
[TIMER MOUSE] Pos=(189,220), OK_rect=(122, 232, 50, 20), Cancel_rect=(212, 232, 50, 20)
[TIMER MOUSE] Pos=(189,220), OK_rect=(122, 232, 50, 20), Cancel_rect=(212, 232, 50, 20)
[TIMER MOUSE] Pos=(189,220), OK_rect=(122, 232, 50, 20), Cancel_rect=(212, 232, 50, 20)
[TIMER MOUSE] Pos=(189,220), OK_rect=(122, 232, 50, 20), Cancel_rect=(212, 232, 50, 20)
[TIMER MOUSE] Pos=(189,220), OK_rect=(122, 232, 50, 20), Cancel_rect=(212, 232, 50, 20)
[TIMER MOUSE] Pos=(189,220), OK_rect=(122, 232, 50, 20), Cancel_rect=(212, 232, 50, 20)
[TIMER MOUSE] Pos=(189,220), OK_rect=(122, 232, 50, 20), Cancel_rect=(212, 232, 50, 20)
[TIMER MOUSE] Pos=(189,220), OK_rect=(122, 232, 50, 20), Cancel_rect=(212, 232, 50, 20)
[TIMER MOUSE] Pos=(189,220), OK_rect=(122, 232, 50, 20), Cancel_rect=(212, 232, 50, 20)
[TIMER MOUSE] Pos=(189,220), OK_rect=(122, 232, 50, 20), Cancel_rect=(212, 232, 50, 20)
[TIMER MOUSE] Pos=(189,220), OK_rect=(122, 232, 50, 20), Cancel_rect=(212, 232, 50, 20)
[TIMER MOUSE] Pos=(189,220), OK_rect=(122, 232, 50, 20), Cancel_rect=(212, 232, 50, 20)
[TIMER MOUSE] Pos=(189,220), OK_rect=(122, 232, 50, 20), Cancel_rect=(212, 232, 50, 20)
[TIMER MOUSE] Pos=(189,220), OK_rect=(122, 232, 50, 20), Cancel_rect=(212, 232, 50, 20)
[TIMER MOUSE] Pos=(189,220), OK_rect=(122, 232, 50, 20), Cancel_rect=(212, 232, 50, 20)
[TIMER MOUSE] Pos=(189,220), OK_rect=(122, 232, 50, 20), Cancel_rect=(212, 232, 50, 20)
[TIMER MOUSE] Pos=(189,220), OK_rect=(122, 232, 50, 20), Cancel_rect=(212, 232, 50, 20)
[TIMER MOUSE] Pos=(189,220), OK_rect=(122, 232, 50, 20), Cancel_rect=(212, 232, 50, 20)
[TIMER MOUSE] Pos=(189,220), OK_rect=(122, 232, 50, 20), Cancel_rect=(212, 232, 50, 20)
[TIMER MOUSE] Pos=(189,220), OK_rect=(122, 232, 50, 20), Cancel_rect=(212, 232, 50, 20)
[TIMER MOUSE] Pos=(189,220), OK_rect=(122, 232, 50, 20), Cancel_rect=(212, 232, 50, 20)
[TIMER MOUSE] Pos=(189,220), OK_rect=(122, 232, 50, 20), Cancel_rect=(212, 232, 50, 20)
[TIMER MOUSE] Pos=(189,220), OK_rect=(122, 232, 50, 20), Cancel_rect=(212, 232, 50, 20)
[TIMER MOUSE] Pos=(189,220), OK_rect=(122, 232, 50, 20), Cancel_rect=(212, 232, 50, 20)
[TIMER MOUSE] Pos=(189,220), OK_rect=(122, 232, 50, 20), Cancel_rect=(212, 232, 50, 20)
[TIMER MOUSE] Pos=(189,220), OK_rect=(122, 232, 50, 20), Cancel_rect=(212, 232, 50, 20)
[TIMER MOUSE] Pos=(189,220), OK_rect=(122, 232, 50, 20), Cancel_rect=(212, 232, 50, 20)
[TIMER MOUSE] Pos=(189,220), OK_rect=(122, 232, 50, 20), Cancel_rect=(212, 232, 50, 20)
[TIMER MOUSE] Pos=(189,220), OK_rect=(122, 232, 50, 20), Cancel_rect=(212, 232, 50, 20)
[TIMER MOUSE] Pos=(189,220), OK_rect=(122, 232, 50, 20), Cancel_rect=(212, 232, 50, 20)
[TIMER MOUSE] Pos=(189,220), OK_rect=(122, 232, 50, 20), Cancel_rect=(212, 232, 50, 20)
[TIMER MOUSE] Pos=(189,220), OK_rect=(122, 232, 50, 20), Cancel_rect=(212, 232, 50, 20)
[TIMER MOUSE] Pos=(189,220), OK_rect=(122, 232, 50, 20), Cancel_rect=(212, 232, 50, 20)
[TIMER MOUSE] Pos=(189,220), OK_rect=(122, 232, 50, 20), Cancel_rect=(212, 232, 50, 20)
[TIMER MOUSE] Pos=(189,220), OK_rect=(122, 232, 50, 20), Cancel_rect=(212, 232, 50, 20)
[TIMER MOUSE] Pos=(189,220), OK_rect=(122, 232, 50, 20), Cancel_rect=(212, 232, 50, 20)
[TIMER MOUSE] Pos=(189,220), OK_rect=(122, 232, 50, 20), Cancel_rect=(212, 232, 50, 20)
[TIMER MOUSE] Pos=(189,220), OK_rect=(122, 232, 50, 20), Cancel_rect=(212, 232, 50, 20)
[TIMER MOUSE] Pos=(189,220), OK_rect=(122, 232, 50, 20), Cancel_rect=(212, 232, 50, 20)
[TIMER MOUSE] Pos=(189,220), OK_rect=(122, 232, 50, 20), Cancel_rect=(212, 232, 50, 20)
[TIMER MOUSE] Pos=(189,220), OK_rect=(122, 232, 50, 20), Cancel_rect=(212, 232, 50, 20)
[TIMER MOUSE] Pos=(189,220), OK_rect=(122, 232, 50, 20), Cancel_rect=(212, 232, 50, 20)
[TIMER MOUSE] Pos=(189,220), OK_rect=(122, 232, 50, 20), Cancel_rect=(212, 232, 50, 20)
[TIMER MOUSE] Pos=(189,220), OK_rect=(122, 232, 50, 20), Cancel_rect=(212, 232, 50, 20)
[TIMER MOUSE] Pos=(189,220), OK_rect=(122, 232, 50, 20), Cancel_rect=(212, 232, 50, 20)
[TIMER MOUSE] Pos=(189,220), OK_rect=(122, 232, 50, 20), Cancel_rect=(212, 232, 50, 20)
[TIMER MOUSE] Pos=(189,220), OK_rect=(122, 232, 50, 20), Cancel_rect=(212, 232, 50, 20)
[TIMER MOUSE] Pos=(189,220), OK_rect=(122, 232, 50, 20), Cancel_rect=(212, 232, 50, 20)
[TIMER MOUSE] Pos=(189,220), OK_rect=(122, 232, 50, 20), Cancel_rect=(212, 232, 50, 20)
[TIMER MOUSE] Pos=(189,220), OK_rect=(122, 232, 50, 20), Cancel_rect=(212, 232, 50, 20)
[TIMER MOUSE] Pos=(189,220), OK_rect=(122, 232, 50, 20), Cancel_rect=(212, 232, 50, 20)
[TIMER MOUSE] Pos=(189,220), OK_rect=(122, 232, 50, 20), Cancel_rect=(212, 232, 50, 20)
[TIMER MOUSE] Pos=(189,220), OK_rect=(122, 232, 50, 20), Cancel_rect=(212, 232, 50, 20)
[TIMER MOUSE] Pos=(189,220), OK_rect=(122, 232, 50, 20), Cancel_rect=(212, 232, 50, 20)
[TIMER MOUSE] Pos=(189,220), OK_rect=(122, 232, 50, 20), Cancel_rect=(212, 232, 50, 20)
[TIMER MOUSE] Pos=(189,220), OK_rect=(122, 232, 50, 20), Cancel_rect=(212, 232, 50, 20)
[TIMER MOUSE] Pos=(189,220), OK_rect=(122, 232, 50, 20), Cancel_rect=(212, 232, 50, 20)
[TIMER MOUSE] Pos=(189,220), OK_rect=(122, 232, 50, 20), Cancel_rect=(212, 232, 50, 20)
[TIMER MOUSE] Pos=(304,94), OK_rect=(122, 232, 50, 20), Cancel_rect=(212, 232, 50, 20)
[TIMER MOUSE] Pos=(304,94), OK_rect=(122, 232, 50, 20), Cancel_rect=(212, 232, 50, 20)
[TIMER MOUSE] Pos=(304,94), OK_rect=(122, 232, 50, 20), Cancel_rect=(212, 232, 50, 20)
[TIMER MOUSE] Pos=(304,94), OK_rect=(122, 232, 50, 20), Cancel_rect=(212, 232, 50, 20)
[TIMER MOUSE] Pos=(304,94), OK_rect=(122, 232, 50, 20), Cancel_rect=(212, 232, 50, 20)
[TIMER MOUSE] Pos=(304,94), OK_rect=(122, 232, 50, 20), Cancel_rect=(212, 232, 50, 20)
[TIMER MOUSE] Pos=(304,94), OK_rect=(122, 232, 50, 20), Cancel_rect=(212, 232, 50, 20)
[TIMER MOUSE] Pos=(304,94), OK_rect=(122, 232, 50, 20), Cancel_rect=(212, 232, 50, 20)
[TIMER MOUSE] Pos=(303,96), OK_rect=(122, 232, 50, 20), Cancel_rect=(212, 232, 50, 20)
[TIMER MOUSE] Pos=(295,100), OK_rect=(122, 232, 50, 20), Cancel_rect=(212, 232, 50, 20)
[TIMER MOUSE] Pos=(270,114), OK_rect=(122, 232, 50, 20), Cancel_rect=(212, 232, 50, 20)
[TIMER MOUSE] Pos=(243,135), OK_rect=(122, 232, 50, 20), Cancel_rect=(212, 232, 50, 20)
[TIMER MOUSE] Pos=(223,154), OK_rect=(122, 232, 50, 20), Cancel_rect=(212, 232, 50, 20)
[TIMER MOUSE] Pos=(205,169), OK_rect=(122, 232, 50, 20), Cancel_rect=(212, 232, 50, 20)
[TIMER MOUSE] Pos=(191,179), OK_rect=(122, 232, 50, 20), Cancel_rect=(212, 232, 50, 20)
[TIMER MOUSE] Pos=(182,184), OK_rect=(122, 232, 50, 20), Cancel_rect=(212, 232, 50, 20)
[TIMER MOUSE] Pos=(176,187), OK_rect=(122, 232, 50, 20), Cancel_rect=(212, 232, 50, 20)
[TIMER MOUSE] Pos=(174,188), OK_rect=(122, 232, 50, 20), Cancel_rect=(212, 232, 50, 20)
[TIMER MOUSE] Pos=(173,189), OK_rect=(122, 232, 50, 20), Cancel_rect=(212, 232, 50, 20)
[TIMER MOUSE] Pos=(168,191), OK_rect=(122, 232, 50, 20), Cancel_rect=(212, 232, 50, 20)
[TIMER MOUSE] Pos=(162,192), OK_rect=(122, 232, 50, 20), Cancel_rect=(212, 232, 50, 20)
[TIMER MOUSE] Pos=(158,192), OK_rect=(122, 232, 50, 20), Cancel_rect=(212, 232, 50, 20)
[TIMER MOUSE] Pos=(158,192), OK_rect=(122, 232, 50, 20), Cancel_rect=(212, 232, 50, 20)
[TIMER MOUSE] Pos=(158,192), OK_rect=(122, 232, 50, 20), Cancel_rect=(212, 232, 50, 20)
[TIMER MOUSE] Pos=(158,192), OK_rect=(122, 232, 50, 20), Cancel_rect=(212, 232, 50, 20)
[TIMER MOUSE] Pos=(158,192), OK_rect=(122, 232, 50, 20), Cancel_rect=(212, 232, 50, 20)
[TIMER MOUSE] Pos=(158,192), OK_rect=(122, 232, 50, 20), Cancel_rect=(212, 232, 50, 20)
[TIMER MOUSE] Pos=(158,192), OK_rect=(122, 232, 50, 20), Cancel_rect=(212, 232, 50, 20)
[TIMER MOUSE] Pos=(158,192), OK_rect=(122, 232, 50, 20), Cancel_rect=(212, 232, 50, 20)
[TIMER MOUSE] Pos=(158,192), OK_rect=(122, 232, 50, 20), Cancel_rect=(212, 232, 50, 20)
[TIMER MOUSE] Pos=(158,192), OK_rect=(122, 232, 50, 20), Cancel_rect=(212, 232, 50, 20)
[TIMER MOUSE] Pos=(158,192), OK_rect=(122, 232, 50, 20), Cancel_rect=(212, 232, 50, 20)
[TIMER MOUSE] Pos=(157,192), OK_rect=(122, 232, 50, 20), Cancel_rect=(212, 232, 50, 20)
[TIMER MOUSE] Pos=(156,193), OK_rect=(122, 232, 50, 20), Cancel_rect=(212, 232, 50, 20)
[TIMER MOUSE] Pos=(155,195), OK_rect=(122, 232, 50, 20), Cancel_rect=(212, 232, 50, 20)
[TIMER MOUSE] Pos=(155,201), OK_rect=(122, 232, 50, 20), Cancel_rect=(212, 232, 50, 20)
[TIMER MOUSE] Pos=(155,214), OK_rect=(122, 232, 50, 20), Cancel_rect=(212, 232, 50, 20)
[TIMER MOUSE] Pos=(155,226), OK_rect=(122, 232, 50, 20), Cancel_rect=(212, 232, 50, 20)
[TIMER MOUSE] Pos=(153,231), OK_rect=(122, 232, 50, 20), Cancel_rect=(212, 232, 50, 20)
[TIMER MOUSE] Pos=(153,233), OK_rect=(122, 232, 50, 20), Cancel_rect=(212, 232, 50, 20)
[TIMER MOUSE] Pos=(153,234), OK_rect=(122, 232, 50, 20), Cancel_rect=(212, 232, 50, 20)
[TIMER MOUSE] Pos=(153,234), OK_rect=(122, 232, 50, 20), Cancel_rect=(212, 232, 50, 20)
[TIMER MOUSE] Pos=(151,237), OK_rect=(122, 232, 50, 20), Cancel_rect=(212, 232, 50, 20)
[TIMER MOUSE] Pos=(150,241), OK_rect=(122, 232, 50, 20), Cancel_rect=(212, 232, 50, 20)
[TIMER MOUSE] Pos=(150,241), OK_rect=(122, 232, 50, 20), Cancel_rect=(212, 232, 50, 20)
[TIMER MOUSE] Pos=(150,241), OK_rect=(122, 232, 50, 20), Cancel_rect=(212, 232, 50, 20)
[TIMER MOUSE] Pos=(150,241), OK_rect=(122, 232, 50, 20), Cancel_rect=(212, 232, 50, 20)
[TIMER MOUSE] Pos=(150,241), OK_rect=(122, 232, 50, 20), Cancel_rect=(212, 232, 50, 20)
[TIMER MOUSE] Pos=(150,241), OK_rect=(122, 232, 50, 20), Cancel_rect=(212, 232, 50, 20)
[TIMER MOUSE] Pos=(150,241), OK_rect=(122, 232, 50, 20), Cancel_rect=(212, 232, 50, 20)
[TIMER MOUSE] Pos=(150,241), OK_rect=(122, 232, 50, 20), Cancel_rect=(212, 232, 50, 20)
[TIMER MOUSE] Pos=(150,241), OK_rect=(122, 232, 50, 20), Cancel_rect=(212, 232, 50, 20)
[TIMER MOUSE] Pos=(150,241), OK_rect=(122, 232, 50, 20), Cancel_rect=(212, 232, 50, 20)
[TIMER MOUSE] Pos=(150,241), OK_rect=(122, 232, 50, 20), Cancel_rect=(212, 232, 50, 20)
[TIMER MOUSE] Pos=(150,241), OK_rect=(122, 232, 50, 20), Cancel_rect=(212, 232, 50, 20)
[TIMER MOUSE] Pos=(150,241), OK_rect=(122, 232, 50, 20), Cancel_rect=(212, 232, 50, 20)
[TIMER MOUSE] Pos=(150,241), OK_rect=(122, 232, 50, 20), Cancel_rect=(212, 232, 50, 20)
[TIMER MOUSE] Pos=(150,241), OK_rect=(122, 232, 50, 20), Cancel_rect=(212, 232, 50, 20)
[TIMER MOUSE] Pos=(150,241), OK_rect=(122, 232, 50, 20), Cancel_rect=(212, 232, 50, 20)
[TIMER MOUSE] Pos=(150,241), OK_rect=(122, 232, 50, 20), Cancel_rect=(212, 232, 50, 20)
[TIMER MOUSE] Pos=(150,241), OK_rect=(122, 232, 50, 20), Cancel_rect=(212, 232, 50, 20)
[TIMER MOUSE] Pos=(150,241), OK_rect=(122, 232, 50, 20), Cancel_rect=(212, 232, 50, 20)
[TIMER MOUSE] Pos=(150,241), OK_rect=(122, 232, 50, 20), Cancel_rect=(212, 232, 50, 20)
[TIMER MOUSE] Pos=(150,241), OK_rect=(122, 232, 50, 20), Cancel_rect=(212, 232, 50, 20)
[TIMER MOUSE] Pos=(150,241), OK_rect=(122, 232, 50, 20), Cancel_rect=(212, 232, 50, 20)
[TIMER MOUSE] Pos=(150,241), OK_rect=(122, 232, 50, 20), Cancel_rect=(212, 232, 50, 20)
[TIMER MOUSE] Pos=(302,97), OK_rect=(122, 232, 50, 20), Cancel_rect=(212, 232, 50, 20)
[TIMER MOUSE] Pos=(302,97), OK_rect=(122, 232, 50, 20), Cancel_rect=(212, 232, 50, 20)
[TIMER MOUSE] Pos=(302,97), OK_rect=(122, 232, 50, 20), Cancel_rect=(212, 232, 50, 20)
[TIMER MOUSE] Pos=(302,97), OK_rect=(122, 232, 50, 20), Cancel_rect=(212, 232, 50, 20)
[TIMER MOUSE] Pos=(303,97), OK_rect=(122, 232, 50, 20), Cancel_rect=(212, 232, 50, 20)
[TIMER MOUSE] Pos=(304,97), OK_rect=(122, 232, 50, 20), Cancel_rect=(212, 232, 50, 20)
[TIMER MOUSE] Pos=(304,97), OK_rect=(122, 232, 50, 20), Cancel_rect=(212, 232, 50, 20)
[TIMER MOUSE] Pos=(304,97), OK_rect=(122, 232, 50, 20), Cancel_rect=(212, 232, 50, 20)
[TIMER MOUSE] Pos=(304,97), OK_rect=(122, 232, 50, 20), Cancel_rect=(212, 232, 50, 20)
[TIMER MOUSE] Pos=(304,102), OK_rect=(122, 232, 50, 20), Cancel_rect=(212, 232, 50, 20)
[TIMER MOUSE] Pos=(298,120), OK_rect=(122, 232, 50, 20), Cancel_rect=(212, 232, 50, 20)
[TIMER MOUSE] Pos=(280,171), OK_rect=(122, 232, 50, 20), Cancel_rect=(212, 232, 50, 20)
[TIMER MOUSE] Pos=(263,220), OK_rect=(122, 232, 50, 20), Cancel_rect=(212, 232, 50, 20)
[TIMER MOUSE] Pos=(256,240), OK_rect=(122, 232, 50, 20), Cancel_rect=(212, 232, 50, 20)
[TIMER MOUSE] Pos=(254,244), OK_rect=(122, 232, 50, 20), Cancel_rect=(212, 232, 50, 20)
[TIMER MOUSE] Pos=(251,246), OK_rect=(122, 232, 50, 20), Cancel_rect=(212, 232, 50, 20)
[TIMER MOUSE] Pos=(249,248), OK_rect=(122, 232, 50, 20), Cancel_rect=(212, 232, 50, 20)
[TIMER MOUSE] Pos=(245,250), OK_rect=(122, 232, 50, 20), Cancel_rect=(212, 232, 50, 20)
[TIMER MOUSE] Pos=(242,251), OK_rect=(122, 232, 50, 20), Cancel_rect=(212, 232, 50, 20)
[TIMER MOUSE] Pos=(242,251), OK_rect=(122, 232, 50, 20), Cancel_rect=(212, 232, 50, 20)
[TIMER MOUSE] Pos=(242,251), OK_rect=(122, 232, 50, 20), Cancel_rect=(212, 232, 50, 20)
[TIMER MOUSE] Pos=(241,249), OK_rect=(122, 232, 50, 20), Cancel_rect=(212, 232, 50, 20)
[TIMER MOUSE] Pos=(241,247), OK_rect=(122, 232, 50, 20), Cancel_rect=(212, 232, 50, 20)
[TIMER MOUSE] Pos=(241,243), OK_rect=(122, 232, 50, 20), Cancel_rect=(212, 232, 50, 20)
[TIMER MOUSE] Pos=(241,240), OK_rect=(122, 232, 50, 20), Cancel_rect=(212, 232, 50, 20)
[TIMER MOUSE] Pos=(241,240), OK_rect=(122, 232, 50, 20), Cancel_rect=(212, 232, 50, 20)
[TIMER MOUSE] Pos=(241,240), OK_rect=(122, 232, 50, 20), Cancel_rect=(212, 232, 50, 20)
[TIMER MOUSE] Pos=(241,240), OK_rect=(122, 232, 50, 20), Cancel_rect=(212, 232, 50, 20)
[TIMER MOUSE] Pos=(300,96), OK_rect=(122, 232, 50, 20), Cancel_rect=(212, 232, 50, 20)
[TIMER MOUSE] Pos=(300,96), OK_rect=(122, 232, 50, 20), Cancel_rect=(212, 232, 50, 20)
[TIMER MOUSE] Pos=(300,96), OK_rect=(122, 232, 50, 20), Cancel_rect=(212, 232, 50, 20)
[TIMER MOUSE] Pos=(300,96), OK_rect=(122, 232, 50, 20), Cancel_rect=(212, 232, 50, 20)
[TIMER MOUSE] Pos=(300,96), OK_rect=(122, 232, 50, 20), Cancel_rect=(212, 232, 50, 20)
[TIMER MOUSE] Pos=(300,96), OK_rect=(122, 232, 50, 20), Cancel_rect=(212, 232, 50, 20)
[TIMER MOUSE] Pos=(300,96), OK_rect=(122, 232, 50, 20), Cancel_rect=(212, 232, 50, 20)
[TIMER MOUSE] Pos=(300,96), OK_rect=(122, 232, 50, 20), Cancel_rect=(212, 232, 50, 20)
[TIMER MOUSE] Pos=(300,96), OK_rect=(122, 232, 50, 20), Cancel_rect=(212, 232, 50, 20)
[TIMER MOUSE] Pos=(300,96), OK_rect=(122, 232, 50, 20), Cancel_rect=(212, 232, 50, 20)
[TIMER MOUSE] Pos=(300,96), OK_rect=(122, 232, 50, 20), Cancel_rect=(212, 232, 50, 20)
[TIMER MOUSE] Pos=(300,96), OK_rect=(122, 232, 50, 20), Cancel_rect=(212, 232, 50, 20)
[TIMER MOUSE] Pos=(300,96), OK_rect=(122, 232, 50, 20), Cancel_rect=(212, 232, 50, 20)
[TIMER MOUSE] Pos=(300,96), OK_rect=(122, 232, 50, 20), Cancel_rect=(212, 232, 50, 20)
[TIMER MOUSE] Pos=(300,96), OK_rect=(122, 232, 50, 20), Cancel_rect=(212, 232, 50, 20)
[TIMER MOUSE] Pos=(300,96), OK_rect=(122, 232, 50, 20), Cancel_rect=(212, 232, 50, 20)
[TIMER MOUSE] Pos=(300,96), OK_rect=(122, 232, 50, 20), Cancel_rect=(212, 232, 50, 20)
[TIMER MOUSE] Pos=(300,96), OK_rect=(122, 232, 50, 20), Cancel_rect=(212, 232, 50, 20)
[TIMER MOUSE] Pos=(300,96), OK_rect=(122, 232, 50, 20), Cancel_rect=(212, 232, 50, 20)
[TIMER MOUSE] Pos=(300,96), OK_rect=(122, 232, 50, 20), Cancel_rect=(212, 232, 50, 20)
[TIMER MOUSE] Pos=(300,96), OK_rect=(122, 232, 50, 20), Cancel_rect=(212, 232, 50, 20)
[TIMER MOUSE] Pos=(300,96), OK_rect=(122, 232, 50, 20), Cancel_rect=(212, 232, 50, 20)
[TIMER MOUSE] Pos=(300,96), OK_rect=(122, 232, 50, 20), Cancel_rect=(212, 232, 50, 20)
[TIMER MOUSE] Pos=(300,96), OK_rect=(122, 232, 50, 20), Cancel_rect=(212, 232, 50, 20)
[TIMER MOUSE] Pos=(300,96), OK_rect=(122, 232, 50, 20), Cancel_rect=(212, 232, 50, 20)
[TIMER MOUSE] Pos=(300,96), OK_rect=(122, 232, 50, 20), Cancel_rect=(212, 232, 50, 20)
[TIMER MOUSE] Pos=(300,96), OK_rect=(122, 232, 50, 20), Cancel_rect=(212, 232, 50, 20)
[TIMER MOUSE] Pos=(300,96), OK_rect=(122, 232, 50, 20), Cancel_rect=(212, 232, 50, 20)
[TIMER MOUSE] Pos=(300,96), OK_rect=(122, 232, 50, 20), Cancel_rect=(212, 232, 50, 20)
[TIMER MOUSE] Pos=(295,97), OK_rect=(122, 232, 50, 20), Cancel_rect=(212, 232, 50, 20)
[TIMER MOUSE] Pos=(273,107), OK_rect=(122, 232, 50, 20), Cancel_rect=(212, 232, 50, 20)
[TIMER MOUSE] Pos=(255,115), OK_rect=(122, 232, 50, 20), Cancel_rect=(212, 232, 50, 20)
[TIMER MOUSE] Pos=(245,119), OK_rect=(122, 232, 50, 20), Cancel_rect=(212, 232, 50, 20)
[TIMER MOUSE] Pos=(243,121), OK_rect=(122, 232, 50, 20), Cancel_rect=(212, 232, 50, 20)
[TIMER MOUSE] Pos=(241,123), OK_rect=(122, 232, 50, 20), Cancel_rect=(212, 232, 50, 20)
[TIMER MOUSE] Pos=(239,124), OK_rect=(122, 232, 50, 20), Cancel_rect=(212, 232, 50, 20)
[TIMER MOUSE] Pos=(238,124), OK_rect=(122, 232, 50, 20), Cancel_rect=(212, 232, 50, 20)
[TIMER MOUSE] Pos=(238,124), OK_rect=(122, 232, 50, 20), Cancel_rect=(212, 232, 50, 20)
[TIMER MOUSE] Pos=(238,125), OK_rect=(122, 232, 50, 20), Cancel_rect=(212, 232, 50, 20)
[TIMER MOUSE] Pos=(238,126), OK_rect=(122, 232, 50, 20), Cancel_rect=(212, 232, 50, 20)
[TIMER MOUSE] Pos=(239,127), OK_rect=(122, 232, 50, 20), Cancel_rect=(212, 232, 50, 20)
[TIMER MOUSE] Pos=(239,128), OK_rect=(122, 232, 50, 20), Cancel_rect=(212, 232, 50, 20)
[TIMER MOUSE] Pos=(240,128), OK_rect=(122, 232, 50, 20), Cancel_rect=(212, 232, 50, 20)
[TIMER MOUSE] Pos=(241,129), OK_rect=(122, 232, 50, 20), Cancel_rect=(212, 232, 50, 20)
[TIMER MOUSE] Pos=(241,129), OK_rect=(122, 232, 50, 20), Cancel_rect=(212, 232, 50, 20)
[TIMER MOUSE] Pos=(241,129), OK_rect=(122, 232, 50, 20), Cancel_rect=(212, 232, 50, 20)
[TIMER MOUSE] Pos=(241,129), OK_rect=(122, 232, 50, 20), Cancel_rect=(212, 232, 50, 20)
[TIMER MOUSE] Pos=(241,129), OK_rect=(122, 232, 50, 20), Cancel_rect=(212, 232, 50, 20)
[TIMER MOUSE] Pos=(241,130), OK_rect=(122, 232, 50, 20), Cancel_rect=(212, 232, 50, 20)
[TIMER MOUSE] Pos=(241,134), OK_rect=(122, 232, 50, 20), Cancel_rect=(212, 232, 50, 20)
[TIMER MOUSE] Pos=(239,139), OK_rect=(122, 232, 50, 20), Cancel_rect=(212, 232, 50, 20)
[TIMER MOUSE] Pos=(237,142), OK_rect=(122, 232, 50, 20), Cancel_rect=(212, 232, 50, 20)
[TIMER MOUSE] Pos=(236,145), OK_rect=(122, 232, 50, 20), Cancel_rect=(212, 232, 50, 20)
[TIMER MOUSE] Pos=(235,149), OK_rect=(122, 232, 50, 20), Cancel_rect=(212, 232, 50, 20)
[TIMER MOUSE] Pos=(235,149), OK_rect=(122, 232, 50, 20), Cancel_rect=(212, 232, 50, 20)
[TIMER MOUSE] Pos=(235,149), OK_rect=(122, 232, 50, 20), Cancel_rect=(212, 232, 50, 20)
[TIMER MOUSE] Pos=(235,149), OK_rect=(122, 232, 50, 20), Cancel_rect=(212, 232, 50, 20)
[TIMER MOUSE] Pos=(235,149), OK_rect=(122, 232, 50, 20), Cancel_rect=(212, 232, 50, 20)
[TIMER MOUSE] Pos=(235,149), OK_rect=(122, 232, 50, 20), Cancel_rect=(212, 232, 50, 20)
[TIMER MOUSE] Pos=(235,149), OK_rect=(122, 232, 50, 20), Cancel_rect=(212, 232, 50, 20)
[TIMER MOUSE] Pos=(235,149), OK_rect=(122, 232, 50, 20), Cancel_rect=(212, 232, 50, 20)
[TIMER MOUSE] Pos=(235,149), OK_rect=(122, 232, 50, 20), Cancel_rect=(212, 232, 50, 20)
[TIMER MOUSE] Pos=(235,150), OK_rect=(122, 232, 50, 20), Cancel_rect=(212, 232, 50, 20)
[TIMER MOUSE] Pos=(235,157), OK_rect=(122, 232, 50, 20), Cancel_rect=(212, 232, 50, 20)
[TIMER MOUSE] Pos=(235,176), OK_rect=(122, 232, 50, 20), Cancel_rect=(212, 232, 50, 20)
[TIMER MOUSE] Pos=(234,190), OK_rect=(122, 232, 50, 20), Cancel_rect=(212, 232, 50, 20)
[TIMER MOUSE] Pos=(230,198), OK_rect=(122, 232, 50, 20), Cancel_rect=(212, 232, 50, 20)
[TIMER MOUSE] Pos=(220,210), OK_rect=(122, 232, 50, 20), Cancel_rect=(212, 232, 50, 20)
[TIMER MOUSE] Pos=(203,219), OK_rect=(122, 232, 50, 20), Cancel_rect=(212, 232, 50, 20)
[TIMER MOUSE] Pos=(182,226), OK_rect=(122, 232, 50, 20), Cancel_rect=(212, 232, 50, 20)
[TIMER MOUSE] Pos=(165,233), OK_rect=(122, 232, 50, 20), Cancel_rect=(212, 232, 50, 20)
[TIMER MOUSE] Pos=(161,234), OK_rect=(122, 232, 50, 20), Cancel_rect=(212, 232, 50, 20)
[TIMER MOUSE] Pos=(160,234), OK_rect=(122, 232, 50, 20), Cancel_rect=(212, 232, 50, 20)
[TIMER MOUSE] Pos=(158,236), OK_rect=(122, 232, 50, 20), Cancel_rect=(212, 232, 50, 20)
[TIMER MOUSE] Pos=(157,237), OK_rect=(122, 232, 50, 20), Cancel_rect=(212, 232, 50, 20)
[TIMER MOUSE] Pos=(157,237), OK_rect=(122, 232, 50, 20), Cancel_rect=(212, 232, 50, 20)
[TIMER MOUSE] Pos=(157,237), OK_rect=(122, 232, 50, 20), Cancel_rect=(212, 232, 50, 20)
[TIMER MOUSE] Pos=(155,237), OK_rect=(122, 232, 50, 20), Cancel_rect=(212, 232, 50, 20)
[TIMER MOUSE] Pos=(152,241), OK_rect=(122, 232, 50, 20), Cancel_rect=(212, 232, 50, 20)
[TIMER MOUSE] Pos=(151,242), OK_rect=(122, 232, 50, 20), Cancel_rect=(212, 232, 50, 20)
[TIMER MOUSE] Pos=(150,243), OK_rect=(122, 232, 50, 20), Cancel_rect=(212, 232, 50, 20)
[TIMER MOUSE] Pos=(150,243), OK_rect=(122, 232, 50, 20), Cancel_rect=(212, 232, 50, 20)
[TIMER MOUSE] Pos=(150,243), OK_rect=(122, 232, 50, 20), Cancel_rect=(212, 232, 50, 20)
[TIMER MOUSE] Pos=(150,243), OK_rect=(122, 232, 50, 20), Cancel_rect=(212, 232, 50, 20)
[TIMER MOUSE] Pos=(150,243), OK_rect=(122, 232, 50, 20), Cancel_rect=(212, 232, 50, 20)
[TIMER MOUSE] Pos=(150,243), OK_rect=(122, 232, 50, 20), Cancel_rect=(212, 232, 50, 20)
[TIMER MOUSE] Pos=(150,243), OK_rect=(122, 232, 50, 20), Cancel_rect=(212, 232, 50, 20)
[TIMER MOUSE] Pos=(150,243), OK_rect=(122, 232, 50, 20), Cancel_rect=(212, 232, 50, 20)
[TIMER MOUSE] Pos=(150,243), OK_rect=(122, 232, 50, 20), Cancel_rect=(212, 232, 50, 20)
[TIMER MOUSE] Pos=(150,243), OK_rect=(122, 232, 50, 20), Cancel_rect=(212, 232, 50, 20)
[TIMER MOUSE] Pos=(150,243), OK_rect=(122, 232, 50, 20), Cancel_rect=(212, 232, 50, 20)
[TIMER MOUSE] Pos=(150,243), OK_rect=(122, 232, 50, 20), Cancel_rect=(212, 232, 50, 20)
[TIMER MOUSE] Pos=(150,243), OK_rect=(122, 232, 50, 20), Cancel_rect=(212, 232, 50, 20)
[TIMER MOUSE] Pos=(150,243), OK_rect=(122, 232, 50, 20), Cancel_rect=(212, 232, 50, 20)
