[TIMER CLICK] Pos=(145,241)
  OK Button: (122, 232, 50, 20), In_rect=True
  Cancel Button: (212, 232, 50, 20), In_rect=False
[TIMER CLICK] Pos=(239,242)
  OK Button: (122, 232, 50, 20), In_rect=False
  Cancel Button: (212, 232, 50, 20), In_rect=True
[TIMER CLICK] Pos=(243,241)
  OK Button: (122, 232, 50, 20), In_rect=False
  Cancel Button: (212, 232, 50, 20), In_rect=True
[TIMER CLICK] Pos=(146,244)
  OK Button: (122, 232, 50, 20), In_rect=True
  Cancel Button: (212, 232, 50, 20), In_rect=False
[TIMER CLICK] Pos=(149,235)
  OK Button: (122, 232, 50, 20), In_rect=True
  Cancel Button: (212, 232, 50, 20), In_rect=False
[TIMER CLICK] Pos=(150,241)
  OK Button: (122, 232, 50, 20), In_rect=True
  Cancel Button: (212, 232, 50, 20), In_rect=False
[TIMER CLICK] Pos=(241,240)
  OK Button: (122, 232, 50, 20), In_rect=False
  Cancel Button: (212, 232, 50, 20), In_rect=True
[TIMER CLICK] Pos=(150,243)
  OK Button: (122, 232, 50, 20), In_rect=True
  Cancel Button: (212, 232, 50, 20), In_rect=False
